-5.11907 -5.1191
-5.11427 -5.11449
-5.11225 -5.11222
-5.11567 -5.11577
-5.11516 -5.1153
-5.1217 -5.12171
-5.11363 -5.11389
-5.11769 -5.11769
-5.11826 -5.11831
-5.12042 -5.1204
-5.06129 -5.06132
-5.07474 -5.07477
-5.07327 -5.07333
-5.07102 -5.07087
-5.07612 -5.07567
-5.06784 -5.06769
-5.06547 -5.06514
-5.06207 -5.06205
-5.07097 -5.07103
-5.05986 -5.05952
-5.06005 -5.05961
-5.07934 -5.07963
-5.07404 -5.0736
-5.07052 -5.07054
-5.07898 -5.07927
-5.07744 -5.0773
-5.05389 -5.05431
-5.0564 -5.05589
-5.07609 -5.07616
-5.06766 -5.06792
-5.07673 -5.07656
-5.06739 -5.06771
-5.06042 -5.06052
-5.08147 -5.08188
-5.06214 -5.06231
-5.06505 -5.06486
-5.06325 -5.06346
-5.06783 -5.06781
-5.06142 -5.06228
-5.04984 -5.04926
-5.0563 -5.05635
-5.05983 -5.06008
-5.0582 -5.05749
-5.05689 -5.05649
-5.05867 -5.05854
-5.05112 -5.05117
-5.05351 -5.05288
-5.05272 -5.05299
-5.06374 -5.06358
-5.06496 -5.06515
-5.07165 -5.07173
-5.06009 -5.05959
-5.05971 -5.05966
-5.06866 -5.06906
-5.066 -5.06596
-5.04836 -5.04865
-5.05362 -5.05401
-5.05739 -5.05728
-5.05531 -5.05518
-5.06809 -5.06851
-5.06175 -5.06193
-5.05351 -5.05288
-5.06374 -5.06358
-5.06142 -5.06228
-5.04984 -5.04926
-5.0563 -5.05635
-5.07165 -5.07173
-5.06866 -5.06906
-5.05689 -5.05649
-5.05362 -5.05401
-5.05867 -5.05854
-5.05739 -5.05728
-5.06809 -5.06851
-5.05112 -5.05117
-5.05272 -5.05299
-5.06496 -5.06515
-5.05983 -5.06008
-5.06009 -5.05959
-5.05971 -5.05966
-5.066 -5.06596
-5.04836 -5.04865
-5.0582 -5.05749
-5.05531 -5.05518
-5.06175 -5.06193
-5.04811 -5.0481
-5.03341 -5.03292
-5.04868 -5.04892
-5.04732 -5.04745
-5.05235 -5.05232
-5.04533 -5.04538
-5.05165 -5.05134
-5.03684 -5.03703
-5.0442 -5.04425
-5.0418 -5.04216
-5.05296 -5.0526
-5.05846 -5.05902
-5.04494 -5.04538
-5.03162 -5.03125
-5.04153 -5.04136
-5.03328 -5.03239
-5.04429 -5.04458
-5.05708 -5.05655
-5.0555 -5.05596
-5.05599 -5.05592
-5.04847 -5.04893
-5.10319 -5.1029
-5.09901 -5.09885
-5.09946 -5.09931
-5.10468 -5.10454
-5.09668 -5.09696
-5.10063 -5.10098
-5.09593 -5.09612
-5.0988 -5.099
-5.10319 -5.10285
-5.10572 -5.10575
-5.10395 -5.10453
-5.10585 -5.10599
-5.09685 -5.09645
-5.10546 -5.10518
-5.10144 -5.10142
-5.10388 -5.10397
-5.09898 -5.09946
-5.10569 -5.10574
-5.10533 -5.10561
-5.10295 -5.10304
-5.12552 -5.12551
-5.13239 -5.13245
-5.12952 -5.12957
-5.12696 -5.12709
-5.13013 -5.13028
-5.12683 -5.12683
-5.12807 -5.12816
-5.13118 -5.13122
-5.12941 -5.1295
-5.1275 -5.12767
-5.12948 -5.12952
-5.13012 -5.13015
-5.12869 -5.12864
-5.12927 -5.12922
-5.12952 -5.12941
-5.12885 -5.12892
-5.13319 -5.13338
-5.12899 -5.12919
-5.12777 -5.12777
-5.12903 -5.12902
-5.14178 -5.14177
-5.1407 -5.14071
-5.1411 -5.14117
-5.14059 -5.14057
-5.14179 -5.14182
-5.14197 -5.14202
-5.1404 -5.14044
-5.14315 -5.14321
-5.1416 -5.14163
-5.14051 -5.14059
-5.14196 -5.14194
-5.14106 -5.14113
-5.14083 -5.14087
-5.14048 -5.14048
-5.14148 -5.14148
-5.14105 -5.14099
-5.13935 -5.1394
-5.14075 -5.14077
-5.13833 -5.13845
-5.13931 -5.13935
-5.07483 -5.07433
-5.07529 -5.07496
-5.06656 -5.06656
-5.06602 -5.06611
-5.06489 -5.0646
-5.06347 -5.06317
-5.06522 -5.06551
-5.05314 -5.05293
-5.04789 -5.04828
-5.06288 -5.06265
-5.0675 -5.06671
-5.06833 -5.06807
-5.06103 -5.06098
-5.05241 -5.05256
-5.05768 -5.05769
-5.05908 -5.05916
-5.1455 -5.14548
-5.14512 -5.14512
-5.14487 -5.14481
-5.14535 -5.14532
-5.14646 -5.14641
-5.14611 -5.14611
-5.14581 -5.14572
-5.14375 -5.14376
-5.14519 -5.14518
-5.14543 -5.14541
-5.1467 -5.14671
-5.14616 -5.14612
-5.14572 -5.14577
-5.14561 -5.1456
-5.14605 -5.14604
-5.1457 -5.14575
-5.14647 -5.14648
-5.14716 -5.14721
-5.14533 -5.14533
-5.14426 -5.14413
-5.02554 -5.02621
-5.0357 -5.03571
-5.03764 -5.03737
-5.02568 -5.02644
-5.02548 -5.02553
-5.0265 -5.02628
-5.04908 -5.05001
-5.01731 -5.01728
-5.02201 -5.02235
-5.0359 -5.03603
-5.03166 -5.03243
-5.03974 -5.03918
-5.02194 -5.02175
-5.03376 -5.0339
-5.03599 -5.03662
-5.04875 -5.0486
-5.02683 -5.02707
-5.03961 -5.03937
-5.03834 -5.03801
-5.03491 -5.03493
-5.03941 -5.04007
-5.03208 -5.03151
-5.02842 -5.02819
-5.03618 -5.03624
-5.02949 -5.02914
-5.03496 -5.03467
-5.02926 -5.02909
-5.02181 -5.02203
-5.03908 -5.03815
-5.0446 -5.04349
-5.0354 -5.03508
-5.04017 -5.04075
-5.03826 -5.03846
-5.09698 -5.09697
-5.09274 -5.09284
-5.0897 -5.08975
-5.11533 -5.11524
-5.09267 -5.09222
-5.11671 -5.11681
-5.10417 -5.10398
-5.11009 -5.1099
-5.10048 -5.10055
-5.10955 -5.10942
-5.10943 -5.10964
-5.0957 -5.09613
-5.09265 -5.09257
-5.09685 -5.0967
-5.0977 -5.09765
-5.08405 -5.08378
-5.10803 -5.10821
-5.09249 -5.09225
-5.10915 -5.10904
-5.09938 -5.09948
