3.1214 2.56791 2.88765 0.0415828 0.0317825 0.153045 3.12834 2.51468 2.89355 0.0508233 0.0224788 0.146025
3.13008 3.1368 3.23759 -0.0324662 -0.422852 0.144535 3.13087 3.12107 3.25238 -0.072805 -0.448977 0.159329
3.39309 3.21275 3.27612 -0.47117 0.186484 -0.0935732 3.39788 3.22567 3.26156 -0.502626 0.168337 -0.142759
3.54728 3.30633 3.26755 0.194421 -0.114369 -0.162548 3.56781 3.2781 3.23985 0.224652 -0.102565 -0.176067
3.2911 3.95332 3.55895 0.100534 -0.232906 -0.255272 3.26348 3.96351 3.53129 0.0886083 -0.236295 -0.248187
3.3122 3.40696 2.98491 0.181371 -0.447474 -0.444036 3.31246 3.38676 2.98882 0.204854 -0.475935 -0.470515
3.66768 3.43569 3.03689 0.0604923 -0.228863 0.200435 3.68013 3.42435 2.98845 0.0483096 -0.235921 0.220965
3.31004 3.50616 3.993 -0.0714262 -0.24872 0.0971189 3.27373 3.50255 3.98024 -0.0619823 -0.280622 0.0852595
3.26456 3.1784 3.09131 -0.0152196 0.207467 0.193704 3.26921 3.19938 3.0747 -0.0107135 0.20595 0.214999
3.12283 3.07568 3.36727 -0.183656 -0.255022 -0.219157 3.10198 3.03969 3.39407 -0.23244 -0.274107 -0.22589
4.11564 3.62068 4.1483 0.220556 -0.0334143 -0.220281 4.09965 3.58687 4.08366 0.244798 -0.0206693 -0.182668
3.062 2.82967 2.1963 0.316606 0.257041 -0.0674608 3.05945 2.81736 2.16832 0.329362 0.251854 -0.0748451
2.65737 3.21369 1.49911 -0.234921 0.00735982 0.11827 2.65708 3.26451 1.4295 -0.257136 -0.0137811 0.155737
3.52835 3.31599 3.34874 -0.0460225 -0.0226603 -0.190072 3.5083 3.28062 3.3198 -0.0203577 -0.0809088 -0.182246
3.50586 3.86662 3.27927 0.389863 -0.651044 -0.169471 3.48176 3.86668 3.26142 0.42312 -0.701789 -0.142855
3.30455 2.68681 3.20409 0.15601 -0.249793 0.750136 3.26096 2.66326 3.17915 0.140901 -0.297919 0.787241
4.25387 3.97617 4.62656 0.0639404 0.178281 -0.0346197 4.25646 3.9163 4.56603 0.084879 0.149604 -0.00624471
2.87066 3.88205 2.68104 -0.0552194 -0.0171117 -0.140735 2.80537 3.86746 2.6459 -0.0462591 -0.0875958 -0.129213
2.99357 2.98126 2.64728 -0.0394329 0.0660809 0.0838393 3.03064 2.96738 2.63869 -0.0542589 0.046312 0.123553
4.55024 3.86862 4.00619 0.0270979 -0.0189781 -0.477855 4.57618 3.85781 3.96889 0.0129515 -0.0149118 -0.472135
4.24916 4.27937 3.74012 -0.483042 0.012389 0.538038 4.17526 4.30977 3.74302 -0.484475 -0.000758138 0.547167
2.41231 2.88767 1.44145 -0.518375 -0.220387 -0.00746316 2.40804 2.93447 1.43302 -0.545092 -0.217651 -0.0217309
3.20015 3.11534 2.70785 0.145977 -0.0581869 0.166358 3.24137 3.07002 2.67326 0.181661 -0.115608 0.167646
2.32746 3.68193 1.63772 -0.255556 -0.138362 0.0336117 2.30332 3.70248 1.63909 -0.273803 -0.142717 0.0692945
2.92655 3.51393 2.71187 -0.0862755 -0.285065 0.279978 2.86591 3.58854 2.69207 -0.106615 -0.295823 0.289194
3.48206 2.93676 2.61756 0.227463 -0.556543 0.00153542 3.51322 2.92991 2.63275 0.238666 -0.61404 -0.00996593
3.63647 3.29324 3.13107 0.277389 -0.307371 -0.0710719 3.62761 3.28723 3.10626 0.239719 -0.305256 -0.092888
3.46362 4.09946 3.74497 -0.391511 0.329105 -0.140646 3.46046 4.12936 3.70875 -0.382541 0.320483 -0.131554
2.58123 3.03723 3.09815 -0.0487467 0.0573795 0.307792 2.60433 3.03889 3.06176 -0.0266069 0.0400867 0.270977
3.16231 3.16199 3.55894 -0.00175579 -0.135914 0.280411 3.19266 3.1098 3.59514 0.0113962 -0.173875 0.275141
2.71204 3.29958 2.61767 -0.276349 -0.0370576 0.205484 2.72417 3.33663 2.6146 -0.293969 -0.0526618 0.203464
2.25149 3.33234 2.11089 -0.630017 0.140805 -0.166677 2.24247 3.3817 2.09747 -0.65491 0.12728 -0.204121
2.39478 2.92032 1.93965 -0.538426 -0.129996 0.212116 2.36335 2.95926 1.92795 -0.554971 -0.172511 0.201141
3.44356 3.12939 3.26067 0.0880051 0.183482 -0.297337 3.43708 3.09549 3.21455 0.115856 0.203214 -0.316848
3.56418 3.72492 4.32307 -0.078969 0.144912 -0.139383 3.52397 3.73099 4.36109 -0.0739649 0.130739 -0.152937
4.14974 3.35068 3.92772 0.226126 0.225498 0.0600792 4.17611 3.31854 3.91009 0.273141 0.232158 0.0407706
2.56124 3.56327 2.47623 -0.531244 0.0311592 0.0350954 2.61594 3.60718 2.51478 -0.546796 0.00420383 0.0369653
4.07706 3.75256 3.57001 0.248856 -0.236945 0.0154114 4.10277 3.75326 3.53214 0.248065 -0.285504 0.0505212
3.84854 3.58184 3.24183 7.09034e-05 -0.218719 0.213885 3.88241 3.59197 3.24901 -0.00316608 -0.253439 0.249329
2.80738 2.56009 3.5575 -0.530543 0.264912 0.0751356 2.81256 2.53944 3.61254 -0.554792 0.255637 0.0788235
3.15335 3.77934 3.44961 -0.475243 0.692981 -0.230841 3.14001 3.77679 3.44579 -0.500568 0.674972 -0.237869
2.43317 2.39529 2.02397 0.00936074 0.122444 0.248978 2.38901 2.3775 1.98885 -0.000935256 0.0827508 0.262399
3.00585 3.41214 3.57567 -0.318284 0.488049 -0.477158 2.99456 3.40868 3.57384 -0.375072 0.450427 -0.474697
3.96531 3.39755 5.01334 0.0969389 0.0229877 0.138793 3.96957 3.37836 5.02469 0.105436 -0.0159711 0.137069
2.97966 3.14345 2.95189 -0.108086 -0.406609 -0.470036 2.99148 3.11856 2.92996 -0.128174 -0.403529 -0.51333
2.43319 2.33217 2.03019 -0.136007 -0.357244 -0.0477886 2.42785 2.36528 2.04047 -0.162609 -0.387472 -0.0612312
3.97941 3.4196 4.35893 0.0220927 -0.118088 0.34118 4.06964 3.43783 4.41424 0.0177236 -0.150665 0.355497
2.81375 2.68382 3.80622 -0.274265 0.425302 0.108099 2.76621 2.69018 3.80264 -0.28787 0.393608 0.0912532
1.50963 1.96324 2.34564 -0.234167 0.0193536 -0.273398 1.53289 1.99943 2.36845 -0.267613 0.00810786 -0.306314
3.59567 3.71116 2.98892 0.0214983 0.116022 0.333697 3.57647 3.76338 3.00033 0.0211314 0.113728 0.38712
2.20475 1.73945 1.43253 -0.121376 -0.122925 0.540089 2.18663 1.816 1.43398 -0.127 -0.143141 0.519934
4.12823 4.17362 4.70583 -0.0591309 0.12743 -0.187501 4.09126 4.15043 4.71763 -0.0224585 0.0941395 -0.206489
3.52554 3.25334 3.40267 0.209047 -0.216192 -0.101878 3.56531 3.23614 3.35232 0.253628 -0.233137 -0.11426
2.42554 2.10903 1.97641 0.20009 -0.368455 0.184805 2.43897 2.12264 1.94678 0.168272 -0.390529 0.187699
3.21959 2.35825 2.40929 -0.0595665 0.138247 0.40315 3.23561 2.38012 2.42107 -0.0640829 0.134971 0.385214
2.60556 2.92534 2.81153 -0.213553 -0.108035 -0.261656 2.58938 2.96884 2.86266 -0.2056 -0.141021 -0.244775
2.87252 3.35773 2.37528 0.228938 -0.29982 0.143711 2.93795 3.44202 2.41652 0.22986 -0.285539 0.124815
2.27682 1.87905 1.59041 0.0175531 -0.401759 0.236684 2.2717 1.89816 1.57627 0.015245 -0.403896 0.179999
3.3023 3.61017 3.06221 0.125442 -0.341139 -0.0761015 3.36867 3.6194 3.00572 0.130683 -0.342164 -0.131395
2.04241 2.46299 2.90743 -0.222692 0.0762976 -0.190699 1.99944 2.49678 2.95435 -0.208399 0.081012 -0.211944
3.39269 3.19384 3.85061 0.137246 -0.325704 0.242976 3.37478 3.15576 3.87328 0.125723 -0.344339 0.22709
3.97941 3.4196 4.35893 0.0220927 -0.118088 0.34118 4.06964 3.43783 4.41424 0.0177236 -0.150665 0.355497
1.50963 1.96324 2.34564 -0.234167 0.0193536 -0.273398 1.53289 1.99943 2.36845 -0.267613 0.00810786 -0.306314
3.84854 3.58184 3.24183 7.09034e-05 -0.218719 0.213885 3.88241 3.59197 3.24901 -0.00316608 -0.253439 0.249329
2.80738 2.56009 3.5575 -0.530543 0.264912 0.0751356 2.81256 2.53944 3.61253 -0.554792 0.255637 0.0788235
3.15335 3.77934 3.44961 -0.475243 0.692981 -0.230841 3.14001 3.77679 3.44579 -0.500568 0.674972 -0.237869
2.20475 1.73945 1.43253 -0.121376 -0.122925 0.540089 2.18663 1.816 1.43398 -0.127 -0.143141 0.519934
2.42554 2.10903 1.97641 0.20009 -0.368455 0.184805 2.43897 2.12264 1.94678 0.168272 -0.390529 0.187699
3.96531 3.39755 5.01334 0.0969389 0.0229877 0.138793 3.96957 3.37836 5.02469 0.105436 -0.0159711 0.137069
2.87252 3.35773 2.37528 0.228938 -0.29982 0.143711 2.93795 3.44202 2.41652 0.22986 -0.285539 0.124815
2.97966 3.14345 2.95189 -0.108086 -0.406609 -0.470036 2.99148 3.11856 2.92996 -0.128174 -0.403529 -0.51333
2.27682 1.87905 1.59041 0.0175531 -0.401759 0.236684 2.2717 1.89816 1.57627 0.015245 -0.403896 0.179999
2.04241 2.46299 2.90743 -0.222692 0.0762976 -0.190699 1.99944 2.49678 2.95435 -0.208399 0.081012 -0.211944
2.43319 2.33217 2.03019 -0.136007 -0.357244 -0.0477886 2.42785 2.36528 2.04047 -0.162609 -0.387472 -0.0612315
2.81375 2.68382 3.80622 -0.274265 0.425302 0.108099 2.76621 2.69018 3.80264 -0.28787 0.393608 0.0912532
3.59567 3.71116 2.98892 0.0214983 0.116022 0.333697 3.57647 3.76338 3.00033 0.0211314 0.113728 0.38712
2.43317 2.39529 2.02397 0.00936074 0.122444 0.248978 2.38901 2.3775 1.98885 -0.000935256 0.0827508 0.262399
4.12823 4.17362 4.70583 -0.0591309 0.12743 -0.187501 4.09126 4.15043 4.71763 -0.0224585 0.0941395 -0.206489
3.52554 3.25334 3.40267 0.209047 -0.216192 -0.101878 3.56531 3.23614 3.35232 0.253628 -0.233137 -0.11426
3.21959 2.35825 2.40929 -0.0595665 0.138247 0.40315 3.23561 2.38012 2.42107 -0.0640829 0.134971 0.385214
2.60556 2.92534 2.81153 -0.213553 -0.108035 -0.261656 2.58938 2.96884 2.86266 -0.2056 -0.141021 -0.244775
3.00585 3.41214 3.57567 -0.318284 0.488049 -0.477158 2.99456 3.40868 3.57384 -0.375072 0.450427 -0.474697
3.3023 3.61017 3.06221 0.125442 -0.341139 -0.0761015 3.36867 3.6194 3.00572 0.130683 -0.342164 -0.131395
3.39269 3.19384 3.85061 0.137246 -0.325704 0.242976 3.37478 3.15576 3.87328 0.125723 -0.344339 0.22709
3.64356 3.79241 3.58099 0.100954 -0.336028 -0.0339821 3.62645 3.73464 3.50937 0.103824 -0.295129 -0.023765
5.01805 5.13078 5.05144 0.275873 -0.133983 0.354164 5.02874 5.18431 5.03118 0.25051 -0.056178 0.355761
3.33408 4.03346 3.74724 -0.439973 -0.0213074 0.0859812 3.27364 4.08477 3.71659 -0.465416 -0.0345965 0.103222
3.76649 4.08657 4.66203 0.08336 -0.251174 0.23657 3.78887 4.10669 4.63299 0.10577 -0.246913 0.228101
3.92677 4.17371 3.78033 0.0179261 -0.0766697 0.193003 3.90796 4.13377 3.74443 0.0213557 0.036479 0.233412
2.45341 3.41303 2.97505 0.272432 -0.294009 -0.120951 2.38327 3.43558 3.02811 0.275504 -0.287795 -0.0508695
3.13541 3.37925 2.81667 -0.0229503 0.236116 0.4196 3.17436 3.4753 2.85193 -0.0672472 0.293506 0.468813
4.05192 4.41539 3.9743 -0.375219 -0.338741 0.105219 4.01072 4.40561 3.95311 -0.387258 -0.325148 0.0988035
3.80494 4.51585 3.87879 -0.5883 0.30724 0.180171 3.79524 4.53567 3.93988 -0.636402 0.379394 0.213022
3.7715 3.35492 3.7405 0.0305581 -0.272399 0.0229885 3.76152 3.31934 3.6885 0.0177413 -0.263331 0.0480822
2.82437 3.5395 1.78077 0.00076424 0.287065 -0.171456 2.80928 3.58468 1.73565 -0.00413685 0.314101 -0.167047
2.37145 2.88783 2.42911 0.0201363 -0.303242 0.168615 2.36467 2.89555 2.36613 0.0264514 -0.311764 0.143863
3.60183 3.66532 3.6549 -0.320903 0.231515 -0.0429824 3.59685 3.63291 3.62788 -0.343038 0.236153 -0.0655825
5.31465 6.09404 5.30601 0.101392 -0.0845851 0.150636 5.21684 6.23837 5.42251 0.089231 -0.0292709 0.186592
3.48051 3.31504 3.00472 -0.209539 -0.338788 0.0062012 3.54198 3.30489 2.98609 -0.241926 -0.283782 0.00563796
4.27386 5.0781 4.95663 -0.247252 0.544757 0.00510489 4.25471 5.18289 4.99142 -0.258828 0.543742 0.0325089
5.24121 5.15092 5.0205 -0.351931 0.280609 0.481625 5.20447 5.17917 5.00621 -0.376167 0.299755 0.472945
3.98485 3.40516 2.43593 -0.0490272 0.684646 0.16236 4.00534 3.43776 2.29701 -0.014281 0.721722 0.173979
2.87961 2.63167 2.7581 -0.0105155 -0.18881 -0.0154713 2.89647 2.63816 2.70738 -0.029278 -0.124632 -0.0572633
2.76546 3.3919 3.38501 0.0757859 -0.202662 0.517717 2.73338 3.42711 3.41841 0.0766143 -0.193494 0.529122
4.55651 3.8106 4.74454 -0.276923 0.563069 0.0682475 4.53632 3.71659 4.72295 -0.252141 0.560548 0.0658072
2.99712 2.76399 3.37073 0.131222 0.00706544 0.0386305 3.02978 2.76071 3.37842 0.142506 0.0135756 0.0453595
3.08332 3.43123 2.99375 -0.288487 -0.0289146 -0.093798 3.11683 3.45484 2.97753 -0.313508 -0.0671778 -0.122937
3.82112 3.04612 3.02827 0.0228746 0.359698 0.178644 3.87178 3.01936 2.98047 0.0347743 0.397649 0.207356
2.88684 3.34116 2.64022 0.170291 -0.100996 -0.215552 2.84954 3.39549 2.60151 0.200013 -0.119573 -0.254001
3.89863 3.68927 3.99555 0.0224133 0.318182 -0.197579 3.86651 3.66209 3.93604 0.0606066 0.333481 -0.183137
3.01735 2.54188 3.34416 -0.266474 -0.0674238 0.164827 3.009 2.49515 3.32034 -0.324334 -0.0582468 0.178961
3.30046 2.90108 3.24385 0.0716902 -0.0345295 0.194844 3.34243 2.8666 3.23821 0.043896 -0.0202342 0.201364
3.35497 3.22714 4.07973 -0.0906806 0.529356 0.439357 3.35884 3.21118 4.07887 -0.0724944 0.527712 0.462865
3.14183 2.76356 2.58059 0.284048 -0.0033913 0.0578856 3.19449 2.76423 2.56732 0.29898 -0.00116512 0.0427283
2.47569 2.72826 2.46203 -0.0829378 -0.0912026 0.350184 2.45278 2.76458 2.45739 -0.0789614 -0.0906146 0.335684
2.667 2.31942 2.40477 0.0830273 -0.135451 0.389113 2.67092 2.34077 2.35427 0.0803092 -0.136426 0.393362
3.39388 3.40264 3.71594 0.0457138 0.273568 0.0441541 3.36 3.42542 3.70387 0.0399821 0.282178 0.019584
3.12946 3.65458 3.01918 0.140412 -0.117854 0.197305 3.16088 3.65512 2.9444 0.142446 -0.117458 0.210738
2.0951 2.89957 2.93819 -0.355825 0.242304 -0.0821715 2.02704 2.90274 2.95309 -0.370362 0.267147 -0.0965369
3.41195 2.68894 3.06181 0.330188 -0.0269986 0.0285124 3.44857 2.65496 3.07364 0.368765 0.0338699 0.0182989
3.31991 3.40042 3.16129 0.397273 -0.0855751 0.0456308 3.33573 3.43556 3.13354 0.410998 -0.0844489 0.0432118
4.1946 3.33186 3.64482 -0.00913729 0.033181 -0.0652887 4.22468 3.32015 3.63004 -0.019513 0.0361229 -0.0739731
3.07309 2.78461 2.5476 0.233993 0.000625578 0.705089 3.10628 2.77331 2.5631 0.266887 -0.0208246 0.769479
3.18583 3.25128 2.85164 0.00329523 -0.0209602 0.377159 3.19649 3.25787 2.826 0.0164012 -0.0541882 0.380758
2.80028 3.05581 2.72287 0.0951829 -0.138412 0.157827 2.76389 3.11913 2.70919 0.0955301 -0.155831 0.140758
3.60054 3.85729 4.09075 -0.0656326 0.289826 0.0415877 3.5722 3.84509 4.05744 -0.061408 0.295995 0.0462992
2.81726 3.21223 3.17964 -0.0574564 0.19572 -0.100296 2.78406 3.22337 3.18837 -0.0531921 0.202638 -0.123925
3.3936 3.59248 3.24066 0.0965166 -0.0111769 0.3053 3.3854 3.59719 3.24762 0.102739 0.00254842 0.317643
3.2606 3.28833 2.98643 -0.0660125 -0.0457026 0.235976 3.24448 3.30343 2.99199 -0.0726864 -0.0552611 0.238235
3.17282 3.24888 3.0659 0.0240326 0.287359 0.0400114 3.1506 3.25977 3.09332 0.0289403 0.313351 0.0498369
3.48253 3.39498 3.81739 0.230855 -0.340062 -0.187948 3.4867 3.38985 3.81684 0.226346 -0.328859 -0.197962
3.95871 3.40052 3.48682 0.116284 0.0224511 0.123702 3.97675 3.35341 3.49255 0.12648 0.0154464 0.120873
3.37365 3.15629 3.46228 -0.0310028 0.179718 -0.159745 3.36004 3.11559 3.47691 -0.0256052 0.183318 -0.168369
3.08246 3.47393 3.1771 -0.180154 0.17545 0.0533265 3.049 3.50332 3.19037 -0.200385 0.177458 0.0708117
3.19767 3.28483 3.40477 -0.0882975 0.0760847 0.0462151 3.19255 3.2836 3.38271 -0.100383 0.0715869 0.0366872
3.27421 3.1942 3.48108 -0.0714573 -0.13028 -0.0982779 3.25025 3.14433 3.48104 -0.0657258 -0.150622 -0.0855642
3.49072 3.54615 3.20635 0.125526 0.00940848 0.108771 3.49371 3.57692 3.20405 0.135801 0.00555587 0.112944
3.34054 3.32439 3.71242 -0.0873816 -0.105376 0.138901 3.31922 3.32502 3.72864 -0.093845 -0.0953615 0.14859
3.45809 3.00028 2.97874 0.110956 -0.0685375 0.203241 3.43874 3.01789 3.0008 0.11791 -0.080866 0.190265
3.23234 3.08597 2.63659 -0.191712 0.259517 -0.0681253 3.2443 3.09294 2.65437 -0.21142 0.282077 -0.0813603
3.1231 3.62236 2.88434 0.164066 -0.16223 0.0431303 3.11163 3.66043 2.88765 0.168464 -0.153269 0.0481661
3.24477 2.7266 3.2212 0.131727 -0.219531 -0.0496422 3.26114 2.66728 3.2541 0.134674 -0.208127 -0.0462319
3.42163 2.78069 3.54429 -0.116923 0.0035606 0.0803123 3.4282 2.71765 3.5497 -0.121088 -0.0175502 0.0873786
3.40667 3.3911 3.36536 -0.0275391 -0.0699457 -0.119135 3.41267 3.36996 3.37773 -0.0268597 -0.0686091 -0.117875
3.36578 3.30097 3.38368 0.0419967 -0.0950292 0.0467608 3.36745 3.28593 3.39983 0.0372911 -0.111139 0.0465054
3.28589 3.23507 3.24947 0.17765 -0.0208954 -0.248339 3.30174 3.2256 3.27147 0.186607 -0.0200225 -0.245053
3.43621 3.3917 3.38472 0.0600472 -0.0198708 0.00997753 3.44591 3.38756 3.39142 0.0519448 -0.00358528 0.015963
3.03592 3.01973 3.02612 -0.178816 0.197526 -0.0365832 3.02327 3.02683 3.04946 -0.186828 0.189902 -0.0401218
3.38758 3.37859 3.49476 -0.0331291 0.0886881 0.0218387 3.37298 3.38364 3.5045 -0.0255328 0.0862692 0.0188458
3.40479 3.56159 3.70822 0.0653909 0.161574 0.0803503 3.37218 3.55582 3.72399 0.0840717 0.167811 0.0883965
3.07281 3.40541 3.46784 -0.117844 -0.0173303 0.116258 3.03968 3.4121 3.4917 -0.123399 -0.0297684 0.118935
3.54411 3.53206 3.51206 0.0653894 -0.151615 0.197413 3.54118 3.51817 3.52122 0.0733949 -0.161064 0.214985
3.07855 3.00324 3.19473 0.0154483 -0.138459 -0.105716 3.08171 2.97549 3.22992 0.00328894 -0.125609 -0.110938
3.29468 3.3263 3.35386 -0.130957 -0.0779641 0.151991 3.28192 3.34075 3.37299 -0.144261 -0.0799307 0.159115
3.19876 3.31974 3.37391 0.073734 -0.0368266 0.0360461 3.18764 3.314 3.39722 0.06935 -0.0292407 0.0503425
3.37814 3.254 2.984 0.0318998 -0.0735439 -0.196427 3.39412 3.24457 3.02065 0.0192011 -0.0764457 -0.208944
3.46814 3.29797 3.26711 -0.00628765 0.0785077 -0.145999 3.48191 3.28397 3.28776 -0.00180373 0.0769535 -0.14996
3.31083 3.21654 3.41756 0.0592916 -0.124208 -0.0525664 3.31737 3.21286 3.43289 0.0622484 -0.129096 -0.0567337
3.37765 3.46731 3.31387 -0.0179697 0.0430682 -0.195537 3.37645 3.45581 3.32978 -0.0195922 0.0444011 -0.192703
3.36241 3.21244 3.73717 -0.0107926 0.0454891 -0.0680689 3.35413 3.19716 3.76506 -0.0170894 0.0509359 -0.0727542
3.30196 3.56263 3.49277 -0.0106535 -0.0246331 -0.13598 3.28882 3.56099 3.50494 -0.0182498 -0.0220093 -0.131479
3.55042 3.54732 3.42365 0.146225 0.0041206 0.00913846 3.55919 3.54707 3.43333 0.172961 -0.000966664 0.0274214
3.37971 3.32757 3.65989 0.0252789 -0.014516 0.103802 3.38072 3.31933 3.67666 0.0270092 -0.0189801 0.105556
3.65523 3.48661 3.39561 0.00176926 0.00865901 0.0840326 3.66364 3.46888 3.39584 0.0101052 0.00477492 0.0890161
3.83058 3.50335 3.8349 0.0697109 -0.223478 0.0629188 3.81375 3.47427 3.83969 0.0738894 -0.228284 0.0572192
3.79847 3.07549 3.73716 0.409812 -0.0540457 0.594315 3.82096 3.09325 3.67797 0.406441 -0.0380307 0.604184
3.12096 2.57914 3.14421 0.499956 -0.159475 0.394666 3.13444 2.55454 3.17765 0.516729 -0.182216 0.382259
4.32988 3.46817 3.80313 -0.156626 0.330334 0.131386 4.3476 3.43176 3.76948 -0.122412 0.311318 0.129395
3.09966 3.58214 3.17398 0.0185761 0.187211 0.751045 3.10972 3.66904 3.22597 0.0627706 0.180121 0.755796
4.26741 3.87158 4.35762 0.141883 -0.122078 0.484896 4.2373 3.87649 4.3229 0.153786 -0.162783 0.517474
3.35602 2.83956 2.50586 -0.192376 1.03312 -0.0505258 3.34487 2.80999 2.49993 -0.160027 1.05318 -0.0974102
3.20696 2.80519 3.36979 0.0110525 0.0825888 -0.0286798 3.20689 2.79453 3.38301 0.0200035 0.0946825 -0.0337047
3.54282 3.69501 3.34852 -0.322056 -0.213885 0.55539 3.49631 3.60928 3.26464 -0.345922 -0.260486 0.579401
3.59801 3.5205 3.13919 0.337573 0.389351 -0.0914149 3.60662 3.5644 3.13337 0.353952 0.413649 -0.131404
3.2699 3.79433 2.25207 0.0139946 0.0227537 0.0411171 3.27088 3.84748 2.21498 0.0129146 0.0335621 -0.00415558
3.11306 3.49808 3.09148 -0.448544 -0.158356 0.0425382 3.08892 3.48908 3.14356 -0.453877 -0.190284 0.0298069
2.75276 2.79584 3.27804 -0.0815844 -0.0756096 0.144177 2.71951 2.7987 3.24318 -0.108713 -0.075707 0.169753
3.13923 3.03311 3.55062 0.0988009 -0.11537 -0.239667 3.14232 2.96606 3.5584 0.0917937 -0.123267 -0.278906
2.78221 2.15478 2.05898 0.164636 -0.4551 0.105497 2.79717 2.17047 2.07629 0.187388 -0.444384 0.08959
2.58418 3.45773 1.67629 0.102216 -0.377432 -0.230217 2.63196 3.56086 1.65294 0.0839625 -0.389793 -0.21436
2.45583 2.05229 1.90741 -0.505126 0.0558148 0.283348 2.49172 2.03343 1.92498 -0.536516 0.0149826 0.254844
3.57357 3.71916 3.71101 -0.0881013 0.0177858 0.0313101 3.56102 3.71902 3.7233 -0.0932859 0.0217148 0.0382336
3.46005 3.80576 3.58636 -0.12758 0.0634253 -0.125632 3.45795 3.82577 3.59233 -0.132262 0.0567048 -0.114867
3.72089 3.72158 3.6705 -0.0953402 0.0470564 -0.104444 3.72411 3.70335 3.67832 -0.10538 0.0438605 -0.10335
3.6582 3.61974 3.46872 -0.0459927 0.120966 0.266904 3.64888 3.6284 3.48367 -0.0425491 0.113985 0.265696
3.40786 3.40652 3.41046 0.0370881 -0.198537 0.0347252 3.41612 3.40507 3.42936 0.033627 -0.210785 0.0381137
3.41872 3.55328 3.30278 -0.0021703 -0.112432 -0.0416683 3.41122 3.56023 3.32082 -0.0092134 -0.115764 -0.0380253
3.54573 3.49665 3.35012 0.0946276 -0.0332211 -0.165699 3.55351 3.50206 3.36901 0.101779 -0.031848 -0.179561
3.65707 3.88924 4.01794 -0.012881 -0.0490029 -0.0196175 3.64242 3.89579 4.01605 -0.025248 -0.0524227 -0.0221179
3.64369 3.6794 3.46615 0.0430435 -0.0262315 0.084877 3.6386 3.69577 3.47673 0.0498178 -0.0227561 0.0934092
3.68127 3.70007 3.3872 -0.0495086 -0.102332 -0.0479452 3.68654 3.70235 3.39696 -0.0503324 -0.108145 -0.0466825
3.37694 3.29496 3.42878 0.033259 -0.00560303 -0.00882703 3.36914 3.27823 3.44921 0.0338046 -0.000634173 -0.0148044
3.55858 3.41994 3.31714 -0.0479965 -0.199935 0.168132 3.56632 3.43827 3.34118 -0.0645895 -0.202362 0.168122
3.61154 3.50853 3.51212 0.0113362 0.0205328 -0.0227925 3.61801 3.49493 3.52189 0.0168745 0.0136566 -0.0267917
3.67551 3.54333 3.53979 -0.0915605 0.220637 0.0150881 3.67095 3.53422 3.55389 -0.088848 0.229448 0.00633531
3.39875 3.51565 3.14148 -0.0742992 0.104616 -0.055463 3.40574 3.53376 3.15336 -0.0824631 0.111647 -0.0582148
3.57785 3.42665 3.18741 0.115356 -0.165645 0.0742282 3.58543 3.44699 3.20616 0.123665 -0.167178 0.0638133
3.50063 3.32882 3.4253 0.0579704 -0.0153923 0.000846839 3.49825 3.32727 3.448 0.0613756 -0.0143453 -0.00260155
3.2 3.29412 2.97539 -0.0911884 0.0308867 0.0819196 3.20171 3.31865 3.0001 -0.101851 0.0205795 0.081472
3.55557 3.50736 3.38633 -0.0767246 0.0707502 0.0517851 3.56239 3.50978 3.40221 -0.0829938 0.0564883 0.0558075
3.72502 3.73108 3.64996 -0.0191299 -0.0178513 0.0127926 3.7381 3.74471 3.64767 -0.0182674 -0.0163706 0.0147979
4.42136 4.33488 4.55423 0.374787 -0.451637 0.231551 4.44304 4.40873 4.47155 0.325009 -0.446984 0.162346
2.75667 2.62555 2.70578 -0.156717 0.209448 -0.116936 2.73118 2.65064 2.68109 -0.159157 0.203288 -0.114499
3.12289 2.83907 2.73453 -0.13285 0.343584 0.266143 3.14688 2.86289 2.78939 -0.147446 0.284685 0.271341
2.96554 3.75873 3.03541 0.248047 -0.0107658 -0.0335975 2.9373 3.76484 3.06498 0.289781 0.00422766 0.0117591
3.42418 3.05646 2.81849 0.0932146 0.167379 -0.0439419 3.4308 3.03835 2.78525 0.0620594 0.117806 -0.0626716
3.06206 2.66628 2.20726 -0.169451 -0.205899 0.347043 3.06774 2.68004 2.21577 -0.181392 -0.231509 0.37682
1.92761 1.60797 1.17963 -0.143888 0.0621727 0.325739 1.9835 1.66014 1.22977 -0.17132 0.0499508 0.321324
2.82176 2.86761 3.89401 -0.427037 -0.0476502 -0.150412 2.8398 2.89497 3.97896 -0.455558 -0.0414351 -0.168152
3.50991 3.1257 3.98517 0.687069 -0.141415 0.13431 3.51815 3.05479 3.96992 0.736826 -0.164175 0.189077
1.92425 2.28434 2.15407 0.0949299 0.0692659 -0.334609 1.919 2.32181 2.16046 0.0719069 0.0790348 -0.344805
1.78814 1.96874 1.25287 0.0810832 -0.0888891 -0.168555 1.78774 1.98769 1.21036 0.077295 -0.12579 -0.177065
2.21204 2.01051 2.92354 0.311065 -0.416728 0.0211092 2.12557 1.99021 2.93071 0.300038 -0.43304 -0.026186
2.5463 2.90603 3.08577 -0.0375595 -0.253803 0.0637922 2.46178 2.91489 3.10311 -0.0554776 -0.249829 0.0344485
1.71184 2.82102 2.36051 0.180607 -0.0650001 0.031351 1.71327 2.83659 2.36362 0.166287 -0.11173 0.0536627
1.84208 1.89074 2.33353 0.203492 -0.165905 -0.150085 1.85572 1.9082 2.38193 0.23771 -0.173848 -0.1265
2.49388 2.30856 2.54776 -0.154119 0.223676 0.257705 2.50404 2.2941 2.58612 -0.170559 0.242651 0.296056
2.31603 1.62067 1.33353 0.163132 -0.0480534 0.0416821 2.42954 1.6067 1.18225 0.205591 -0.0717469 0.0762806
4.03678 3.55695 3.19685 0.0822546 0.0162161 0.100808 4.03578 3.5052 3.13317 0.0555511 0.0477347 0.0695455
3.75428 3.56145 3.02386 0.0874786 -0.648703 0.7004 3.7164 3.5892 2.97133 0.0957595 -0.665431 0.711685
3.2045 3.27796 2.79942 -0.292081 -0.761733 0.443883 3.14087 3.28068 2.74308 -0.328395 -0.794659 0.433112
3.17423 2.37496 2.9561 -0.48936 -0.301326 0.298885 3.18287 2.28548 2.95408 -0.514906 -0.357453 0.29549
2.56852 2.37751 1.91551 0.332626 -0.0761277 -0.371798 2.59044 2.42349 1.84286 0.421628 -0.0821324 -0.384815
2.34962 2.48072 2.77491 -0.690346 0.130716 0.413764 2.30836 2.54341 2.78781 -0.687372 0.144613 0.399781
2.73645 2.74185 3.34451 -0.0431698 0.162775 -0.0926171 2.72968 2.79286 3.34315 -0.0538281 0.113837 -0.0820048
2.97915 3.83166 3.20988 0.212907 -0.329986 0.0401145 2.87807 3.84345 3.14839 0.211827 -0.337197 0.0362786
1.46212 2.5114 1.79799 -0.163202 0.140713 0.295893 1.35481 2.45975 1.84378 -0.198221 0.11847 0.294392
3.74643 4.46399 4.48355 0.0833611 -0.116416 -0.401541 3.7379 4.52501 4.49067 0.0492996 -0.141465 -0.425086
4.48468 4.29815 5.48802 0.464569 -0.454772 -0.173023 4.45027 4.31626 5.4307 0.420566 -0.474289 -0.17651
3.91775 3.30972 4.12184 0.0129703 0.364135 -0.0292525 3.85852 3.30965 4.18178 -0.0258305 0.386871 -0.0177365
2.3554 2.5083 1.54424 0.393736 0.28952 0.166788 2.33131 2.47903 1.57962 0.401031 0.325142 0.177296
2.70154 2.91323 2.75317 0.289061 -0.6475 -0.49091 2.69661 2.86611 2.74767 0.27131 -0.647703 -0.516945
1.52604 2.10365 1.84231 0.252746 0.012097 -0.484971 1.47774 2.08522 1.84604 0.256541 -0.00465733 -0.507744
3.65552 3.55782 2.3385 -0.018469 -0.0302032 0.0529542 3.64813 3.54514 2.33559 0.00152116 -0.0269564 0.0451015
3.10664 2.60899 2.55471 -0.180365 0.255739 0.165142 3.11076 2.61151 2.57391 -0.209364 0.29544 0.164105
2.76363 2.72002 3.14246 -0.15096 -0.0101917 0.311657 2.76932 2.69337 3.17241 -0.169511 -0.0286897 0.303482
3.47771 3.67268 3.61669 0.394612 -0.0436327 -0.268833 3.5186 3.64075 3.62643 0.41396 -0.031204 -0.246282
2.81247 2.81222 2.48548 -0.137528 0.0539676 0.131145 2.81669 2.82098 2.48497 -0.153318 0.0510378 0.144952
3.78305 3.064 3.5437 0.0280873 -0.173702 -0.0947562 3.78677 3.02652 3.5249 0.0436683 -0.206877 -0.103837
3.20625 3.47255 3.17467 0.115828 -0.249086 0.389669 3.18389 3.51297 3.16046 0.11035 -0.232303 0.401563
2.44292 2.94095 2.46148 -0.148278 0.127297 -0.20949 2.46212 2.959 2.47068 -0.169821 0.110793 -0.194828
2.60913 3.10563 2.76681 -0.287616 -0.0890285 0.150315 2.59471 3.12765 2.74449 -0.326059 -0.10988 0.166689
3.52926 3.60541 3.34929 -0.120155 0.275653 -0.265277 3.56855 3.6186 3.3065 -0.116455 0.248904 -0.266259
3.26444 3.01506 3.49865 -0.221533 0.245427 -0.111467 3.27478 2.97193 3.50646 -0.23081 0.220093 -0.120473
3.10383 3.63889 2.8181 -0.117472 -0.311637 0.0613108 3.12221 3.66368 2.80624 -0.131675 -0.315445 0.0747841
2.67513 2.80839 2.68059 -0.348059 0.106015 -0.0508988 2.69207 2.81534 2.70155 -0.352363 0.131132 -0.0447589
2.91712 3.54702 3.36676 -0.250882 0.30952 -0.109136 2.88484 3.55406 3.31 -0.243326 0.318655 -0.127209
3.56199 3.30692 2.96723 0.112655 -0.114886 0.060566 3.61195 3.33303 2.93941 0.127004 -0.101065 0.0452405
3.43012 2.89286 3.618 -0.301625 -0.0419429 0.376681 3.45278 2.8576 3.61102 -0.316054 -0.0688607 0.377769
3.57903 3.15291 4.11398 -0.127581 0.105544 0.356237 3.57227 3.13413 4.10287 -0.137354 0.102948 0.359575
2.67523 2.6221 3.24079 -0.0936701 -0.277879 -0.252651 2.67431 2.5861 3.24481 -0.115331 -0.299298 -0.262903
2.67398 3.18205 2.80484 -0.119324 -0.255515 0.00137611 2.66139 3.17671 2.76389 -0.10579 -0.283151 0.0184685
3.70269 3.93986 3.79876 0.0363836 -0.0456245 -0.137841 3.69179 3.91676 3.74645 0.0130772 -0.0309527 -0.140801
3.92818 3.34125 3.69768 0.152299 -0.134979 0.427408 3.92425 3.28124 3.66301 0.160413 -0.134339 0.442063
