0.403638 0.332065 0.373412 0.0053772 0.0041099 0.0197908 0.404535 0.325181 0.374174 0.00657213 0.00290681 0.018883
0.404535 0.405403 0.41843 -0.00419596 -0.0546498 0.0186798 0.404636 0.403371 0.420341 -0.0094094 -0.0580263 0.0205919
0.436484 0.413286 0.421438 -0.0606109 0.0239892 -0.0120372 0.437101 0.414948 0.419564 -0.0646574 0.0216547 -0.0183644
0.455398 0.424465 0.419486 0.0249597 -0.0146826 -0.0208679 0.458034 0.420841 0.41593 0.0288407 -0.0131673 -0.0226034
0.421449 0.506251 0.45575 0.0128741 -0.0298253 -0.0326895 0.417913 0.507556 0.452208 0.0113469 -0.0302594 -0.0317822
0.427123 0.439343 0.384918 0.0233886 -0.0577038 -0.0572604 0.427157 0.436738 0.385421 0.0264168 -0.061374 -0.060675
0.471107 0.441308 0.390083 0.00777012 -0.029397 0.0257454 0.472705 0.439851 0.38386 0.00620528 -0.0303037 0.0283825
0.42487 0.450044 0.512533 -0.00916813 -0.0319252 0.012466 0.42021 0.449581 0.510896 -0.00795593 -0.03602 0.0109438
0.421069 0.409957 0.398724 -0.00196306 0.0267595 0.0249844 0.42167 0.412663 0.396582 -0.00138185 0.0265638 0.0277311
0.403075 0.39699 0.434626 -0.0237052 -0.0329166 -0.0282874 0.400385 0.392344 0.438086 -0.0300019 -0.03538 -0.0291564
0.527692 0.46423 0.53188 0.0282788 -0.00428426 -0.0282436 0.525642 0.459895 0.523592 0.0313871 -0.00265014 -0.023421
0.397231 0.36709 0.284924 0.041073 0.0333457 -0.00875163 0.3969 0.365494 0.281294 0.0427278 0.0326728 -0.00970958
0.346314 0.418814 0.195367 -0.0306153 0.000959145 0.0154132 0.346276 0.425437 0.186295 -0.0335105 -0.00179597 0.0202959
0.457615 0.430073 0.434321 -0.00596897 -0.00293897 -0.0246518 0.455015 0.425485 0.430567 -0.00264032 -0.0104936 -0.0236368
0.451751 0.498237 0.422553 0.0502361 -0.0838908 -0.0218373 0.448646 0.498245 0.420253 0.0545216 -0.0904297 -0.0184077
0.429165 0.348939 0.416118 0.0202612 -0.0324408 0.0974208 0.423504 0.345881 0.412879 0.018299 -0.038691 0.10224
0.544957 0.509381 0.592701 0.00819129 0.0228392 -0.00443507 0.545288 0.50171 0.584946 0.0108737 0.0191655 -0.0008
0.370964 0.50166 0.34646 -0.00713576 -0.00221128 -0.0181866 0.362525 0.499775 0.341919 -0.00597787 -0.0113196 -0.0166976
0.386618 0.385027 0.341895 -0.00509273 0.0085343 0.0108278 0.391405 0.383235 0.340785 -0.0070075 0.00598116 0.0159568
0.58288 0.495565 0.513187 0.00347121 -0.00243107 -0.0612127 0.586203 0.49418 0.50841 0.00165907 -0.00191019 -0.06048
0.548278 0.552176 0.482595 -0.0623278 0.00159858 0.0694242 0.538742 0.556098 0.48297 -0.0625127 -9.78241e-05 0.070602
0.315804 0.378035 0.188704 -0.0678621 -0.0288515 -0.000977027 0.315245 0.384161 0.187601 -0.0713598 -0.0284934 -0.00284486
0.412175 0.401251 0.348767 0.0188016 -0.00749439 0.0214267 0.417483 0.395415 0.344312 0.0233977 -0.0148902 0.0215925
0.302964 0.479273 0.213181 -0.0332656 -0.0180105 0.00437521 0.299821 0.481949 0.213359 -0.0356407 -0.0185773 0.00902
0.382776 0.459602 0.354697 -0.0112843 -0.0372849 0.0366196 0.374844 0.469361 0.352107 -0.0139446 -0.0386919 0.0378249
0.453083 0.382129 0.340595 0.0295974 -0.072417 0.000199788 0.457138 0.381238 0.342571 0.0310551 -0.0798984 -0.00129676
0.469257 0.424965 0.404039 0.0357948 -0.0396637 -0.00917125 0.468114 0.42419 0.400838 0.0309338 -0.0393908 -0.0119864
0.446708 0.528713 0.482995 -0.0504938 0.0424452 -0.0181393 0.446301 0.53257 0.478323 -0.0493369 0.0413332 -0.0169667
0.336615 0.39608 0.404025 -0.00635698 0.00748277 0.0401386 0.339627 0.396297 0.399279 -0.00346977 0.00522764 0.0353376
0.409052 0.409011 0.460357 -0.000227115 -0.0175808 0.0362718 0.412978 0.40226 0.46504 0.00147412 -0.0224912 0.0355901
0.353073 0.429563 0.340787 -0.0359771 -0.00482442 0.0267514 0.354652 0.434386 0.340387 -0.038271 -0.00685588 0.0264883
0.295621 0.437536 0.277159 -0.0827212 0.0184877 -0.0218847 0.294437 0.444017 0.275398 -0.0859897 0.0167119 -0.026801
0.314312 0.383289 0.254577 -0.0706678 -0.0170618 0.02784 0.310187 0.3884 0.253041 -0.0728393 -0.0226419 0.0263995
0.446535 0.405796 0.422819 0.0114118 0.0237926 -0.0385565 0.445695 0.4014 0.416839 0.0150233 0.0263513 -0.0410865
0.462562 0.483423 0.561051 -0.0102487 0.0188068 -0.0180892 0.457343 0.48421 0.565985 -0.00959921 0.0169675 -0.0198483
0.528783 0.426963 0.500493 0.0288143 0.0287342 0.00765564 0.532144 0.422868 0.498247 0.0348052 0.029583 0.00519523
0.33422 0.464977 0.323127 -0.0693229 0.00406601 0.00457966 0.341358 0.470706 0.328158 -0.0713523 0.000548565 0.00482366
0.524251 0.482525 0.459051 0.0319993 -0.0304677 0.00198168 0.527557 0.482615 0.454182 0.0318975 -0.0367116 0.0064963
0.50181 0.467035 0.4227 9.24507e-06 -0.0285187 0.0278884 0.506226 0.468356 0.423637 -0.000412824 -0.0330458 0.0325099
0.366685 0.334385 0.464662 -0.0692967 0.0346014 0.00981382 0.367362 0.331689 0.47185 -0.072464 0.0333899 0.0102955
0.407541 0.488444 0.44583 -0.0614207 0.0895614 -0.0298341 0.405817 0.488115 0.445336 -0.0646938 0.0872338 -0.0307423
0.31689 0.311958 0.263597 0.00121912 0.0159468 0.0324263 0.311139 0.30964 0.259023 -0.000121806 0.0107773 0.0341743
0.389643 0.44231 0.463507 -0.0412585 0.0632649 -0.0618531 0.388179 0.441861 0.46327 -0.0486199 0.058388 -0.0615341
0.512044 0.438729 0.647377 0.0125178 0.00296843 0.0179225 0.512595 0.436251 0.648843 0.013615 -0.00206236 0.0176998
0.389028 0.410412 0.385402 -0.0141118 -0.0530873 -0.0613684 0.390571 0.407163 0.382539 -0.0167345 -0.0526851 -0.0670208
0.318546 0.305321 0.265787 -0.0178056 -0.0467694 -0.00625635 0.317847 0.309655 0.267132 -0.0212883 -0.0507267 -0.0080162
0.511141 0.439235 0.559889 0.00283772 -0.015168 0.0438234 0.522731 0.441577 0.566993 0.00227653 -0.0193524 0.0456623
0.368021 0.351027 0.497829 -0.0358722 0.0556268 0.0141387 0.361802 0.351858 0.49736 -0.0376516 0.0514814 0.0119353
0.199882 0.259943 0.310574 -0.0310048 0.00256251 -0.0361992 0.202961 0.264734 0.313593 -0.0354332 0.00107352 -0.0405574
0.467107 0.48211 0.388285 0.00279281 0.0150722 0.0433499 0.464612 0.488893 0.389767 0.00274514 0.0147742 0.05029
0.291246 0.22978 0.189236 -0.0160338 -0.0162383 0.0713454 0.288852 0.239892 0.189428 -0.0167766 -0.0189089 0.068683
0.530571 0.536406 0.604807 -0.00759968 0.0163777 -0.0240981 0.525821 0.533425 0.606323 -0.00288644 0.0120991 -0.0265385
0.4539 0.418855 0.438081 0.026914 -0.0278338 -0.0131164 0.45902 0.41664 0.431598 0.0326537 -0.0300155 -0.0147105
0.321112 0.27921 0.261652 0.0264895 -0.048779 0.0244659 0.322891 0.281012 0.25773 0.0222772 -0.0517013 0.024849
0.421167 0.308491 0.315169 -0.00779211 0.0180846 0.0527376 0.423262 0.311352 0.316709 -0.00838292 0.0176561 0.0503912
0.338657 0.38022 0.365428 -0.0277565 -0.0140418 -0.0340087 0.336554 0.385874 0.372074 -0.0267229 -0.0183292 -0.0318146
0.376327 0.439895 0.311184 0.029993 -0.0392792 0.0188275 0.384899 0.450937 0.316587 0.0301138 -0.0374083 0.016352
0.300889 0.248323 0.210177 0.00231969 -0.0530937 0.0312785 0.300212 0.250848 0.208308 0.00201468 -0.0533762 0.0237874
0.425919 0.465626 0.394952 0.0161791 -0.0439989 -0.00981529 0.434479 0.466817 0.387666 0.016855 -0.044131 -0.0169469
0.270602 0.326325 0.385208 -0.0295047 0.0101088 -0.025266 0.264909 0.330802 0.391426 -0.0276111 0.0107334 -0.0280807
0.43948 0.413721 0.498798 0.0177784 -0.0421908 0.0314745 0.43716 0.408789 0.501734 0.0162858 -0.0446048 0.0294167
0.511141 0.439235 0.559889 0.00283772 -0.015168 0.0438234 0.522731 0.441577 0.566993 0.00227653 -0.0193524 0.0456623
0.199882 0.259943 0.310574 -0.0310048 0.00256251 -0.0361992 0.202961 0.264734 0.313593 -0.0354331 0.00107352 -0.0405574
0.50181 0.467035 0.4227 9.24507e-06 -0.0285187 0.0278884 0.506226 0.468356 0.423637 -0.000412824 -0.0330458 0.0325099
0.366685 0.334385 0.464662 -0.0692967 0.0346014 0.00981382 0.367362 0.331689 0.47185 -0.072464 0.0333899 0.0102955
0.407541 0.488444 0.44583 -0.0614207 0.0895614 -0.0298341 0.405817 0.488115 0.445336 -0.0646938 0.0872338 -0.0307423
0.291246 0.22978 0.189236 -0.0160338 -0.0162383 0.0713454 0.288852 0.239892 0.189428 -0.0167766 -0.0189089 0.068683
0.321112 0.27921 0.261652 0.0264895 -0.048779 0.0244659 0.322891 0.281012 0.25773 0.0222772 -0.0517013 0.024849
0.512044 0.438729 0.647377 0.0125178 0.00296843 0.0179225 0.512595 0.436251 0.648843 0.013615 -0.00206236 0.0176998
0.376327 0.439895 0.311184 0.029993 -0.0392792 0.0188275 0.384899 0.450937 0.316587 0.0301138 -0.0374083 0.016352
0.389028 0.410412 0.385402 -0.0141118 -0.0530873 -0.0613684 0.390571 0.407163 0.382539 -0.0167345 -0.0526851 -0.0670208
0.300889 0.248323 0.210177 0.00231969 -0.0530937 0.0312785 0.300212 0.250848 0.208308 0.00201468 -0.0533762 0.0237874
0.270602 0.326325 0.385208 -0.0295047 0.0101088 -0.025266 0.264909 0.330802 0.391426 -0.0276111 0.0107334 -0.0280807
0.318546 0.305321 0.265787 -0.0178056 -0.0467694 -0.00625635 0.317847 0.309655 0.267132 -0.0212883 -0.0507267 -0.00801625
0.368021 0.351027 0.497829 -0.0358722 0.0556268 0.0141387 0.361802 0.351858 0.49736 -0.0376516 0.0514814 0.0119353
0.467107 0.48211 0.388285 0.00279281 0.0150722 0.0433499 0.464612 0.488893 0.389767 0.00274514 0.0147742 0.05029
0.31689 0.311958 0.263597 0.00121912 0.0159468 0.0324263 0.311139 0.30964 0.259023 -0.000121806 0.0107773 0.0341743
0.530571 0.536406 0.604807 -0.00759968 0.0163777 -0.0240981 0.525821 0.533425 0.606323 -0.00288644 0.0120991 -0.0265385
0.4539 0.418855 0.438081 0.026914 -0.0278338 -0.0131164 0.45902 0.41664 0.431598 0.0326537 -0.0300155 -0.0147105
0.421167 0.308491 0.315169 -0.00779211 0.0180846 0.0527376 0.423262 0.311352 0.316709 -0.00838292 0.017656 0.0503912
0.338657 0.38022 0.365428 -0.0277565 -0.0140418 -0.0340087 0.336554 0.385874 0.372074 -0.0267229 -0.0183292 -0.0318146
0.389643 0.44231 0.463507 -0.0412585 0.0632649 -0.0618531 0.388179 0.441861 0.46327 -0.0486199 0.058388 -0.0615341
0.425919 0.465626 0.394952 0.0161791 -0.0439989 -0.00981529 0.434479 0.466817 0.387666 0.016855 -0.044131 -0.0169469
0.43948 0.413721 0.498798 0.0177784 -0.0421908 0.0314745 0.43716 0.408789 0.501734 0.0162858 -0.0446048 0.0294167
0.461659 0.480519 0.45373 0.0127915 -0.0425765 -0.00430572 0.459491 0.4732 0.444657 0.0131551 -0.0373945 -0.00301116
0.616162 0.630004 0.620262 0.0338742 -0.0164517 0.0434875 0.617475 0.636577 0.617774 0.0307599 -0.00689806 0.0436836
0.409259 0.495107 0.459974 -0.0540067 -0.00261548 0.0105542 0.401839 0.501405 0.456211 -0.0571297 -0.00424671 0.0126705
0.456299 0.495076 0.564791 0.0100988 -0.0304291 0.0286597 0.459011 0.497514 0.561273 0.0128137 -0.0299128 0.0276338
0.485498 0.516029 0.467393 0.00221634 -0.00947928 0.0238625 0.483171 0.51109 0.462954 0.00264037 0.00451019 0.0288586
0.304851 0.424089 0.369667 0.0338513 -0.0365324 -0.0150289 0.296136 0.426892 0.376261 0.0342331 -0.0357602 -0.00632083
0.395299 0.426041 0.355114 -0.00289348 0.0297686 0.0529014 0.40021 0.438151 0.35956 -0.00847824 0.037004 0.059106
0.493718 0.538005 0.48426 -0.0457196 -0.0412748 0.0128207 0.488697 0.536814 0.481678 -0.0471865 -0.0396185 0.012039
0.465599 0.552592 0.474636 -0.0719885 0.0375961 0.0220469 0.464412 0.555016 0.482111 -0.0778747 0.0464254 0.0260669
0.461422 0.410456 0.45763 0.00373862 -0.0333266 0.00281252 0.460201 0.406104 0.451268 0.00217056 -0.0322171 0.00588259
0.364884 0.457272 0.23006 9.87332e-05 0.0370863 -0.0221507 0.362934 0.46311 0.224231 -0.000534444 0.0405792 -0.021581
0.306435 0.373161 0.313886 0.00260198 -0.0391844 0.0217882 0.305559 0.374158 0.305747 0.00341801 -0.0402857 0.0185898
0.461992 0.470135 0.468799 -0.0411608 0.0296954 -0.00551318 0.461352 0.465978 0.465333 -0.044 0.0302903 -0.00841199
0.637193 0.730637 0.636158 0.0121562 -0.0101412 0.0180604 0.625467 0.747941 0.650124 0.0106982 -0.0035094 0.0223712
0.442794 0.421743 0.382264 -0.0266579 -0.0431011 0.000788925 0.450615 0.420452 0.379895 -0.0307781 -0.0361031 0.000717269
0.517622 0.615027 0.600314 -0.0299455 0.0659774 0.00061827 0.515303 0.627718 0.604528 -0.0313475 0.0658545 0.00393727
0.630539 0.619676 0.603987 -0.0423387 0.0337584 0.0579414 0.626119 0.623075 0.602267 -0.0452544 0.0360617 0.0568971
0.509503 0.435384 0.311457 -0.00626861 0.0875388 0.0207594 0.512122 0.439552 0.293695 -0.00182597 0.0922794 0.0222449
0.371573 0.33958 0.355894 -0.00135687 -0.0243633 -0.00199636 0.373749 0.340418 0.34935 -0.00377792 -0.016082 -0.00738903
0.359333 0.440729 0.439834 0.00984732 -0.0263331 0.0672701 0.355164 0.445304 0.444175 0.00995495 -0.0251418 0.068752
0.585404 0.489572 0.609562 -0.035578 0.0723411 0.00876819 0.58281 0.477494 0.606788 -0.0323941 0.0720171 0.00845468
0.388346 0.358138 0.436755 0.0170028 0.000915489 0.00500547 0.392577 0.357713 0.437751 0.0184649 0.00175903 0.00587736
0.398156 0.443083 0.386589 -0.037253 -0.0037338 -0.0121123 0.402483 0.446131 0.384495 -0.040484 -0.00867481 -0.0158752
0.490538 0.391047 0.388755 0.00293654 0.0461764 0.0229334 0.497041 0.387611 0.382619 0.00446417 0.0510483 0.0266194
0.373657 0.432461 0.341735 0.0220415 -0.0130723 -0.0278999 0.368829 0.439493 0.336725 0.0258886 -0.0154769 -0.0328765
0.500558 0.473678 0.513002 0.00287772 0.0408524 -0.0253679 0.496435 0.470188 0.505361 0.00778148 0.0428168 -0.0235136
0.392345 0.330519 0.434839 -0.0346495 -0.00876708 0.0214323 0.391258 0.324443 0.431742 -0.042173 -0.0075738 0.0232702
0.425642 0.374136 0.418341 0.00924547 -0.00445307 0.025128 0.431054 0.369689 0.417614 0.00566102 -0.00260949 0.0259688
0.431554 0.415112 0.524781 -0.0116644 0.0680918 0.0565151 0.432052 0.413059 0.52467 -0.00932505 0.0678802 0.059539
0.407857 0.358751 0.334999 0.0368737 -0.000440241 0.00751441 0.414691 0.358837 0.333276 0.038812 -0.00015125 0.00554676
0.322388 0.35528 0.32061 -0.0108003 -0.0118766 0.0456016 0.319406 0.360008 0.320006 -0.0102825 -0.0118 0.0437133
0.347372 0.302101 0.313218 0.0108142 -0.0176423 0.0506814 0.347883 0.304882 0.306639 0.0104601 -0.0177693 0.0512347
0.437715 0.438845 0.479252 0.0058958 0.0352826 0.00569463 0.433346 0.441783 0.477695 0.00515657 0.0363931 0.00252579
0.403505 0.471212 0.389284 0.0181044 -0.0151958 0.02544 0.407556 0.471281 0.379644 0.0183666 -0.0151447 0.027172
0.273704 0.378799 0.383844 -0.046485 0.0316546 -0.0107349 0.264813 0.379214 0.385791 -0.048384 0.0349001 -0.0126116
0.441834 0.348207 0.396492 0.042758 -0.00349621 0.00369224 0.446577 0.343807 0.398024 0.0477536 0.00438602 0.00236963
0.427392 0.437757 0.406972 0.0511434 -0.0110166 0.00587433 0.429428 0.44228 0.403399 0.0529103 -0.0108716 0.00556292
0.538066 0.427397 0.467543 -0.00117209 0.00425632 -0.00837497 0.541926 0.425895 0.465647 -0.00250306 0.0046337 -0.00948898
0.398002 0.360641 0.329945 0.030305 8.102e-05 0.0913177 0.402302 0.359178 0.331953 0.0345651 -0.00269704 0.099657
0.411843 0.420304 0.36864 0.000425985 -0.0027096 0.0487566 0.413221 0.421156 0.365326 0.00212023 -0.00700509 0.0492219
0.364181 0.397413 0.354113 0.0123787 -0.0180007 0.0205256 0.359448 0.405647 0.352334 0.0124238 -0.020266 0.0183058
0.459414 0.492175 0.521964 -0.00837446 0.0369806 0.00530642 0.455799 0.490618 0.517714 -0.00783542 0.0377677 0.00590759
0.362719 0.413571 0.409374 -0.00739745 0.0251987 -0.012913 0.358444 0.415005 0.410498 -0.00684843 0.0260894 -0.0159551
0.435129 0.460629 0.415519 0.0123754 -0.0014331 0.0391457 0.434078 0.461233 0.416411 0.0131733 0.000326759 0.0407283
0.419736 0.423305 0.384443 -0.00849777 -0.00588329 0.0303772 0.417661 0.42525 0.385159 -0.0093569 -0.00711375 0.0306679
0.4075 0.41727 0.393769 0.00308663 0.036907 0.00513886 0.404647 0.418667 0.397289 0.00371694 0.0402451 0.00640079
0.445679 0.434476 0.488534 0.0295439 -0.0435197 -0.0240528 0.446214 0.433819 0.488463 0.0289668 -0.0420859 -0.0253344
0.506927 0.435449 0.4465 0.0148905 0.00287495 0.0158405 0.509237 0.429417 0.447234 0.0161962 0.00197796 0.0154782
0.433833 0.405882 0.44523 -0.00398679 0.0231107 -0.0205423 0.432083 0.400648 0.447111 -0.00329269 0.0235737 -0.0216514
0.395743 0.446003 0.407893 -0.0231291 0.0225252 0.00684635 0.391448 0.449776 0.409597 -0.0257265 0.0227831 0.0090912
0.410888 0.422089 0.437501 -0.0113459 0.0097766 0.00593847 0.410231 0.42193 0.434666 -0.0128988 0.00919866 0.00471417
0.420618 0.410339 0.447193 -0.00917968 -0.0167363 -0.0126251 0.417539 0.403933 0.447188 -0.00844338 -0.0193495 -0.0109919
0.44702 0.454118 0.410603 0.0160747 0.00120484 0.0139292 0.447403 0.458058 0.410309 0.0173906 0.000711481 0.0144636
0.42841 0.426339 0.476103 -0.0112063 -0.013514 0.0178134 0.425676 0.42642 0.478183 -0.0120352 -0.0122297 0.0190561
0.44496 0.386052 0.38328 0.014277 -0.00881885 0.0261515 0.442469 0.388317 0.386119 0.0151718 -0.0104052 0.0244818
0.41566 0.396838 0.339049 -0.024653 0.0333724 -0.00876051 0.417198 0.397734 0.341337 -0.0271874 0.0362734 -0.0104625
0.400644 0.46469 0.370014 0.021047 -0.0208115 0.00553292 0.399172 0.469574 0.370439 0.0216112 -0.019662 0.00617894
0.418472 0.351645 0.415433 0.0169886 -0.0283126 -0.00640228 0.420585 0.343995 0.419677 0.0173687 -0.0268418 -0.00596245
0.4401 0.357661 0.455877 -0.015039 0.000457974 0.01033 0.440946 0.349553 0.456573 -0.0155747 -0.00225736 0.0112389
0.437347 0.435348 0.432043 -0.00353545 -0.0089796 -0.0152944 0.438116 0.432634 0.433631 -0.00344824 -0.00880801 -0.0151327
0.431567 0.423257 0.433862 0.00538489 -0.0121848 0.00599576 0.43178 0.421328 0.435932 0.00478153 -0.0142504 0.00596301
0.420844 0.414335 0.416179 0.0227527 -0.00267619 -0.0318063 0.422873 0.413122 0.418996 0.0238999 -0.0025644 -0.0313854
0.438922 0.433236 0.432344 0.00767009 -0.00253819 0.00127447 0.440161 0.432708 0.433201 0.00663514 -0.000457963 0.00203903
0.39 0.38792 0.388741 -0.022971 0.0253745 -0.00469955 0.388375 0.388833 0.391739 -0.0240003 0.0243952 -0.00515412
0.433089 0.431939 0.44679 -0.00423542 0.0113384 0.00279199 0.431221 0.432584 0.448036 -0.00326426 0.0110292 0.00240935
0.43519 0.455231 0.473973 0.00835806 0.0206519 0.0102701 0.431021 0.454494 0.475988 0.0107458 0.0214491 0.0112986
0.393437 0.436023 0.444015 -0.0150885 -0.00221894 0.0148854 0.389194 0.436879 0.44707 -0.0157997 -0.00381148 0.0152282
0.452577 0.451038 0.448485 0.00835012 -0.019361 0.0252093 0.452202 0.449264 0.449654 0.00937241 -0.0205676 0.0274532
0.395256 0.385587 0.410173 0.00198342 -0.0177768 -0.0135729 0.395662 0.382024 0.414691 0.000422269 -0.016127 -0.0142434
0.421617 0.425663 0.429191 -0.0167584 -0.00997699 0.0194502 0.419984 0.427513 0.431638 -0.0184609 -0.0102287 0.0203619
0.410066 0.425575 0.432519 0.00945233 -0.00472099 0.00462094 0.408639 0.424839 0.435507 0.00889032 -0.00374852 0.00645366
0.432815 0.41691 0.382316 0.00408708 -0.00942261 -0.0251666 0.434862 0.415701 0.387012 0.00246009 -0.0097944 -0.0267704
0.444103 0.422313 0.418361 -0.000805148 0.0100531 -0.0186955 0.445866 0.42052 0.421005 -0.000230972 0.00985407 -0.0192028
0.423308 0.411251 0.436954 0.00758074 -0.0158806 -0.0067209 0.424144 0.410781 0.438913 0.0079588 -0.0165056 -0.0072537
0.431775 0.443237 0.423623 -0.00229713 0.00550555 -0.0249962 0.431623 0.441767 0.425656 -0.00250454 0.00567593 -0.0246338
0.430637 0.41143 0.478634 -0.00138225 0.00582597 -0.00871785 0.429577 0.409473 0.482206 -0.0021887 0.00652356 -0.00931792
0.421745 0.45504 0.446117 -0.00136073 -0.00314629 -0.0173682 0.420067 0.454831 0.447671 -0.00233097 -0.00281116 -0.0167933
0.453496 0.4531 0.437304 0.0186774 0.000526325 0.00116726 0.454616 0.453069 0.43854 0.0220924 -0.000123472 0.00350255
0.431902 0.425239 0.467707 0.00323045 -0.00185503 0.0132651 0.43203 0.424186 0.46985 0.00345157 -0.00242551 0.0134892
0.4671 0.445552 0.433924 0.000226093 0.00110653 0.0107385 0.468175 0.443286 0.433952 0.00129134 0.000610185 0.0113753
0.488307 0.446593 0.488857 0.00888646 -0.0284881 0.00802063 0.486161 0.442886 0.489468 0.00941912 -0.0291007 0.00729407
0.489199 0.396088 0.481303 0.0527791 -0.00696047 0.0765409 0.492096 0.398375 0.47368 0.0523449 -0.00489792 0.077812
0.407192 0.3365 0.410225 0.0652292 -0.0208067 0.051492 0.40895 0.333291 0.414588 0.0674176 -0.0237737 0.0498734
0.556661 0.445878 0.488942 -0.0201363 0.0424687 0.0168913 0.55894 0.441197 0.484615 -0.0157376 0.0400239 0.0166354
0.401173 0.463618 0.410792 0.0024042 0.0242297 0.0972039 0.402475 0.474865 0.417521 0.00812407 0.0233121 0.0978188
0.546162 0.495502 0.557707 0.0181589 -0.0156241 0.0620591 0.542309 0.49613 0.553263 0.0196822 -0.0208337 0.0662287
0.436047 0.368944 0.325586 -0.0249954 0.134233 -0.00656481 0.434598 0.365102 0.324816 -0.0207923 0.13684 -0.0126565
0.41609 0.363963 0.437216 0.00143402 0.0107156 -0.00372109 0.416082 0.362579 0.438932 0.00259537 0.0122847 -0.00437306
0.455842 0.475424 0.430842 -0.0414378 -0.0275198 0.0714601 0.449858 0.464393 0.42005 -0.0445086 -0.0335157 0.0745495
0.462614 0.452648 0.40362 0.0434033 0.0500607 -0.0117536 0.46372 0.458291 0.402872 0.0455093 0.0531848 -0.0168952
0.424874 0.493015 0.292622 0.00181838 0.00295649 0.00534253 0.425001 0.49992 0.287802 0.00167806 0.00436088 -0.000539954
0.404588 0.454626 0.401783 -0.0582948 -0.0205807 0.00552847 0.401451 0.453456 0.408552 -0.0589879 -0.0247301 0.00387384
0.360599 0.366242 0.429408 -0.0106872 -0.00990451 0.0188865 0.356243 0.366616 0.424842 -0.0142409 -0.00991727 0.0222368
0.405949 0.392226 0.459148 0.0127764 -0.014919 -0.0309925 0.406348 0.383555 0.460153 0.0118703 -0.0159402 -0.0360667
0.365972 0.283439 0.270838 0.0216562 -0.0598639 0.0138771 0.36794 0.285504 0.273116 0.0246491 -0.0584543 0.0117847
0.33642 0.450142 0.218226 0.0133069 -0.0491357 -0.0299706 0.34264 0.463569 0.215187 0.0109306 -0.0507449 -0.0279063
0.324197 0.270926 0.251799 -0.0666822 0.00736817 0.0374051 0.328935 0.268435 0.254119 -0.0708261 0.00197787 0.0336423
0.454971 0.473507 0.47247 -0.0112167 0.00226441 0.00398627 0.453374 0.47349 0.474034 -0.0118768 0.00276463 0.00486773
0.440537 0.484553 0.456619 -0.0162436 0.00807539 -0.0159956 0.44027 0.487101 0.45738 -0.0168398 0.00721972 -0.014625
0.473668 0.473755 0.467253 -0.0121368 0.00599026 -0.0132956 0.474077 0.471435 0.468249 -0.0134148 0.00558343 -0.0131564
0.466197 0.461295 0.44205 -0.00586127 0.0154157 0.0340139 0.465009 0.462399 0.443956 -0.00542241 0.0145261 0.03386
0.435086 0.434914 0.435418 0.00473509 -0.0253475 0.00443341 0.43614 0.43473 0.437831 0.00429319 -0.0269112 0.00486602
0.436441 0.453619 0.42164 -0.000277065 -0.0143533 -0.00531946 0.435484 0.454507 0.423944 -0.0011762 -0.0147788 -0.0048544
0.452455 0.446192 0.427494 0.012075 -0.0042392 -0.0211441 0.453448 0.446882 0.429905 0.0129875 -0.00406398 -0.0229129
0.464694 0.494195 0.510548 -0.00163676 -0.00622666 -0.00249274 0.462832 0.495027 0.510309 -0.00320819 -0.0066612 -0.00281046
0.464034 0.468582 0.441424 0.00548172 -0.00334066 0.0108093 0.463386 0.470667 0.442772 0.00634444 -0.00289806 0.0118959
0.468717 0.47111 0.431275 -0.00630366 -0.0130294 -0.00610461 0.469388 0.471401 0.432517 -0.00640857 -0.0137695 -0.00594384
0.431666 0.421186 0.438293 0.00425142 -0.000716222 -0.00112834 0.430668 0.419048 0.440904 0.00432116 -8.10648e-05 -0.00189241
0.454069 0.436379 0.423262 -0.00612429 -0.0255114 0.0214534 0.455058 0.438719 0.42633 -0.00824153 -0.0258212 0.0214522
0.460368 0.447238 0.447696 0.00144505 0.00261735 -0.0029054 0.461193 0.445504 0.448941 0.00215102 0.00174083 -0.00341519
0.468427 0.451582 0.451131 -0.011669 0.0281192 0.00192291 0.467847 0.450421 0.452927 -0.0113233 0.0292421 0.000807407
0.43364 0.448554 0.400815 -0.00947969 0.0133477 -0.00707641 0.434531 0.450865 0.402331 -0.0105213 0.0142448 -0.0074275
0.456361 0.437074 0.40656 0.0147138 -0.0211283 0.00946792 0.457328 0.439669 0.408951 0.0157737 -0.0213238 0.00813949
0.446973 0.425036 0.437355 0.00740188 -0.00196535 0.000108128 0.446669 0.424838 0.440253 0.00783667 -0.00183167 -0.000332176
0.409334 0.421372 0.380601 -0.0116645 0.00395092 0.0104789 0.409552 0.42451 0.383763 -0.0130284 0.00263245 0.0104216
0.453594 0.447445 0.432005 -0.009788 0.00902582 0.00660638 0.454465 0.447754 0.43403 -0.0105878 0.00720639 0.00711954
0.4735 0.47427 0.463959 -0.00243166 -0.00226914 0.00162611 0.475163 0.476003 0.463668 -0.00232204 -0.00208093 0.00188102
0.554596 0.543748 0.571262 0.0470116 -0.0566513 0.0290447 0.557316 0.553011 0.560891 0.0407676 -0.0560677 0.020364
0.354635 0.337767 0.348089 -0.020161 0.0269446 -0.0150434 0.351356 0.340995 0.344912 -0.020475 0.0261522 -0.0147298
0.400663 0.36425 0.350837 -0.0170446 0.0440814 0.0341459 0.403742 0.367306 0.357876 -0.0189171 0.0365248 0.0348127
0.376873 0.477675 0.385752 0.0315228 -0.00136816 -0.00426971 0.373284 0.478451 0.38951 0.0368265 0.000537269 0.0014944
0.441481 0.394071 0.363389 0.0120182 0.0215803 -0.00566545 0.442335 0.391735 0.359104 0.00800134 0.0151887 -0.00808028
0.40363 0.351458 0.290952 -0.0223364 -0.0271408 0.0457459 0.404378 0.353273 0.292074 -0.0239104 -0.0305166 0.049671
0.256372 0.21386 0.156891 -0.0191371 0.00826898 0.0433233 0.263806 0.220799 0.163559 -0.0227856 0.00664347 0.0427362
0.36408 0.369996 0.502429 -0.0550989 -0.00614812 -0.0194071 0.366408 0.373527 0.513389 -0.0587788 -0.0053462 -0.0216959
0.449539 0.400331 0.510409 0.0879978 -0.0181121 0.017202 0.450594 0.391248 0.508456 0.0943706 -0.021027 0.0242165
0.250341 0.297187 0.28024 0.0123501 0.00901132 -0.0435317 0.249658 0.302062 0.28107 0.00935491 0.0102822 -0.0448582
0.238174 0.262229 0.166877 0.0108 -0.0118397 -0.0224509 0.238121 0.264753 0.161216 0.0102954 -0.0167548 -0.0235844
0.288941 0.262616 0.381878 0.0406318 -0.0544336 0.00275731 0.277645 0.259965 0.382814 0.0391915 -0.0565644 -0.00342046
0.333043 0.380095 0.403604 -0.00491261 -0.0331962 0.00834372 0.321989 0.381254 0.405872 -0.0072562 -0.0326765 0.00450569
0.221681 0.365319 0.305684 0.0233884 -0.00841744 0.00405993 0.221867 0.367335 0.306086 0.021534 -0.0144689 0.00694926
0.243687 0.250125 0.3087 0.0269198 -0.0219474 -0.0198546 0.245492 0.252435 0.315103 0.0314464 -0.0229982 -0.0167346
0.325755 0.301549 0.332793 -0.0201312 0.029217 0.0336618 0.327083 0.29966 0.337804 -0.0222788 0.0316956 0.0386713
0.298844 0.20912 0.172068 0.0210493 -0.00620045 0.00537835 0.31349 0.207316 0.152548 0.0265279 -0.00925769 0.00984269
0.515255 0.45401 0.408047 0.010499 0.00206983 0.0128671 0.515128 0.447405 0.399918 0.00709056 0.00609287 0.00887681
0.481638 0.456901 0.387933 0.0112227 -0.0832224 0.0898548 0.47678 0.46046 0.381194 0.012285 -0.0853685 0.0913025
0.413083 0.422553 0.360866 -0.0376514 -0.0981929 0.0572198 0.40488 0.422903 0.353602 -0.0423325 -0.102437 0.0558312
0.417459 0.312342 0.388771 -0.064358 -0.0396288 0.0393078 0.418594 0.300575 0.388506 -0.0677177 -0.0470103 0.0388613
0.334571 0.30969 0.249511 0.0433273 -0.00991626 -0.0484298 0.337426 0.31568 0.240047 0.0549206 -0.0106984 -0.0501254
0.305139 0.322164 0.360369 -0.0896533 0.0169757 0.0537344 0.29978 0.330305 0.362044 -0.089267 0.0187805 0.0519184
0.349075 0.349764 0.426642 -0.00550695 0.0207644 -0.0118147 0.348211 0.35627 0.426469 -0.00686657 0.0145216 -0.0104609
0.381008 0.490037 0.410517 0.027229 -0.0422023 0.0051303 0.36808 0.491545 0.402653 0.0270909 -0.0431246 0.00463972
0.191832 0.329499 0.235898 -0.0214123 0.0184616 0.0388214 0.177752 0.322721 0.241906 -0.0260068 0.0155433 0.0386244
0.466612 0.555982 0.558419 0.0103825 -0.0144995 -0.0500113 0.465549 0.563583 0.559305 0.00614019 -0.0176192 -0.0529437
0.567205 0.543615 0.694104 0.0587569 -0.0575179 -0.0218833 0.562853 0.545904 0.686855 0.0531916 -0.0599863 -0.0223244
0.503928 0.42572 0.53018 0.00166833 0.0468375 -0.00376266 0.49631 0.42571 0.537889 -0.0033225 0.049762 -0.00228139
0.308787 0.328832 0.202445 0.0516178 0.0379554 0.0218655 0.305629 0.324994 0.207085 0.0525742 0.0426252 0.023243
0.350332 0.377783 0.357027 0.0374851 -0.083967 -0.0636605 0.349693 0.371674 0.356314 0.0351831 -0.0839933 -0.0670367
0.201483 0.277745 0.24324 0.03337 0.00159717 -0.0640308 0.195106 0.275312 0.243733 0.0338711 -0.000614907 -0.0670374
0.473281 0.460631 0.302767 -0.00239118 -0.00391042 0.00685599 0.472324 0.45899 0.30239 0.000196944 -0.00349005 0.00583931
0.405101 0.340209 0.33313 -0.0235193 0.033348 0.0215342 0.405639 0.340537 0.335635 -0.0273008 0.038525 0.021399
0.35967 0.353994 0.408973 -0.0196465 -0.00132639 0.0405604 0.360411 0.350526 0.41287 -0.0220608 -0.0037338 0.0394964
0.447682 0.472781 0.465572 0.0507979 -0.00561679 -0.0346065 0.452945 0.46867 0.466826 0.0532886 -0.00401685 -0.0317036
0.365146 0.365113 0.322692 -0.0178554 0.00700667 0.0170267 0.365693 0.36625 0.322626 -0.0199055 0.0066263 0.0188193
0.486881 0.394339 0.456076 0.00361485 -0.0223555 -0.0121952 0.48736 0.389515 0.453657 0.00562014 -0.0266252 -0.0133638
0.412711 0.446988 0.408646 0.0149095 -0.0320625 0.0501585 0.409832 0.452192 0.406817 0.0142044 -0.0299022 0.0516894
0.317657 0.382417 0.320071 -0.0192809 0.0165527 -0.0272404 0.320154 0.384764 0.321267 -0.0220821 0.0144066 -0.0253339
0.338215 0.402574 0.358653 -0.0372828 -0.0115405 0.0194849 0.336345 0.405429 0.355761 -0.0422662 -0.0142435 0.0216074
0.451008 0.460739 0.428009 -0.0153548 0.035226 -0.0338999 0.456029 0.462425 0.422541 -0.0148819 0.0318076 -0.0340254
0.421061 0.388894 0.45127 -0.0285742 0.0316561 -0.0143775 0.422394 0.383331 0.452277 -0.0297708 0.0283885 -0.0155391
0.401642 0.470881 0.364668 -0.0152011 -0.0403265 0.00793375 0.40402 0.474088 0.363134 -0.0170391 -0.0408193 0.00967722
0.349831 0.367258 0.350545 -0.0455163 0.0138638 -0.00665613 0.352047 0.368166 0.353286 -0.0460791 0.0171483 -0.00585319
0.376595 0.457914 0.434643 -0.0323883 0.0399584 -0.0140892 0.372428 0.458822 0.427314 -0.031413 0.0411378 -0.0164225
0.460018 0.427076 0.383207 0.0145489 -0.0148371 0.00782187 0.46647 0.430448 0.379613 0.016402 -0.0130522 0.00584264
0.444071 0.374516 0.468394 -0.039049 -0.00543002 0.048766 0.447005 0.369952 0.467491 -0.040917 -0.00891486 0.0489069
0.460714 0.40586 0.529575 -0.016423 0.0135863 0.0458569 0.459844 0.403444 0.528146 -0.017681 0.0132521 0.0462865
0.347705 0.340799 0.421211 -0.0121745 -0.0361164 -0.0328375 0.347585 0.33612 0.421734 -0.0149898 -0.0389003 -0.03417
0.346695 0.41257 0.363663 -0.015471 -0.0331289 0.00017842 0.345063 0.411878 0.358353 -0.0137163 -0.036712 0.00239454
0.473972 0.504331 0.48627 0.00465737 -0.00584027 -0.0176446 0.472576 0.501375 0.479574 0.00167398 -0.00396218 -0.0180236
0.505019 0.429561 0.475385 0.01958 -0.0173533 0.0549489 0.504513 0.421846 0.470928 0.0206232 -0.017271 0.0568329
