-5.11483 -5.11503
-5.11277 -5.11314
-5.11721 -5.11757
-5.11445 -5.11456
-5.12061 -5.12097
-5.11922 -5.11967
-5.11145 -5.11148
-5.11777 -5.11837
-5.11682 -5.11695
-5.11339 -5.11376
-5.05581 -5.05517
-5.05977 -5.05888
-5.06174 -5.06059
-5.07814 -5.07855
-5.07325 -5.07288
-5.05939 -5.0588
-5.07526 -5.07545
-5.06195 -5.06134
-5.06735 -5.0672
-5.07831 -5.07892
-5.06181 -5.06158
-5.06592 -5.0644
-5.07564 -5.07493
-5.08072 -5.08114
-5.07047 -5.07016
-5.06987 -5.06982
-5.06483 -5.06413
-5.07432 -5.07405
-5.06677 -5.06698
-5.07064 -5.07031
-5.07601 -5.07584
-5.06757 -5.06708
-5.05318 -5.0536
-5.05898 -5.05982
-5.0726 -5.07261
-5.07617 -5.07659
-5.06743 -5.06697
-5.06228 -5.06274
-5.05159 -5.05227
-5.05302 -5.05216
-5.05235 -5.05329
-5.05748 -5.05676
-5.06256 -5.06288
-5.06731 -5.06835
-5.0558 -5.05562
-5.05644 -5.05658
-5.05884 -5.05895
-5.06996 -5.07103
-5.06414 -5.06442
-5.05651 -5.05576
-5.06654 -5.06781
-5.06008 -5.06156
-5.06499 -5.06525
-5.0478 -5.04795
-5.05869 -5.05938
-5.05028 -5.05047
-5.05418 -5.05447
-5.04862 -5.04854
-5.05789 -5.05784
-5.05922 -5.05884
-5.06075 -5.06121
-5.03643 -5.03633
-5.05069 -5.05063
-5.03194 -5.03051
-5.04427 -5.04353
-5.03257 -5.03219
-5.04435 -5.04469
-5.04681 -5.04676
-5.04379 -5.04465
-5.0523 -5.05188
-5.05212 -5.0516
-5.04423 -5.04385
-5.04081 -5.04146
-5.05773 -5.05832
-5.05442 -5.05525
-5.03323 -5.03168
-5.04845 -5.04737
-5.04046 -5.04065
-5.04807 -5.0482
-5.05674 -5.05583
-5.06476 -5.06447
-5.05417 -5.05529
-5.05916 -5.0594
-5.06273 -5.06348
-5.06193 -5.0616
-5.05446 -5.05426
-5.06168 -5.06198
-5.06001 -5.06054
-5.06024 -5.06107
-5.05041 -5.05048
-5.04471 -5.045
-5.06355 -5.06365
-5.05721 -5.05678
-5.05907 -5.05909
-5.06329 -5.0634
-5.05705 -5.05749
-5.06358 -5.06359
-5.05595 -5.05608
-5.04861 -5.0482
-5.05525 -5.05519
-5.10317 -5.10382
-5.1017 -5.10217
-5.09903 -5.09872
-5.09867 -5.09812
-5.09563 -5.09539
-5.10385 -5.10381
-5.09821 -5.09827
-5.09951 -5.10026
-5.09678 -5.09622
-5.09672 -5.09572
-5.10345 -5.10324
-5.10447 -5.10488
-5.09881 -5.09858
-5.10445 -5.10445
-5.10184 -5.10232
-5.10244 -5.10212
-5.10548 -5.10525
-5.1051 -5.10501
-5.10063 -5.10068
-5.10496 -5.10504
-5.12488 -5.12476
-5.12656 -5.12693
-5.13216 -5.13265
-5.1285 -5.12878
-5.12844 -5.12867
-5.12916 -5.12954
-5.1272 -5.12741
-5.1261 -5.12609
-5.12788 -5.1279
-5.12594 -5.12635
-5.12795 -5.12818
-5.12691 -5.12703
-5.13139 -5.13171
-5.12927 -5.12941
-5.1283 -5.12827
-5.13021 -5.13047
-5.12876 -5.12882
-5.12791 -5.12845
-5.12834 -5.12848
-5.12846 -5.12876
-5.14236 -5.14246
-5.14096 -5.14102
-5.13869 -5.13865
-5.14002 -5.13997
-5.14074 -5.14072
-5.14125 -5.14118
-5.14006 -5.14002
-5.13984 -5.13982
-5.14018 -5.14013
-5.14021 -5.14043
-5.14038 -5.14023
-5.14121 -5.14127
-5.14087 -5.14089
-5.1403 -5.14038
-5.13972 -5.13969
-5.13769 -5.1377
-5.13969 -5.13985
-5.14104 -5.14106
-5.13983 -5.13972
-5.13874 -5.13859
-5.07459 -5.07424
-5.06537 -5.06539
-5.06619 -5.06583
-5.07382 -5.07361
-5.0642 -5.06387
-5.06263 -5.06245
-5.06459 -5.06478
-5.05283 -5.05221
-5.04679 -5.04756
-5.06196 -5.06193
-5.0518 -5.05186
-5.06678 -5.06599
-5.06706 -5.06735
-5.06131 -5.06025
-5.05655 -5.05698
-5.05848 -5.05846
-5.14517 -5.145
-5.14498 -5.14472
-5.14332 -5.143
-5.14464 -5.14436
-5.14553 -5.14536
-5.14438 -5.14404
-5.1449 -5.14465
-5.1458 -5.14566
-5.14481 -5.14457
-5.14514 -5.14499
-5.14514 -5.14496
-5.14606 -5.14596
-5.14507 -5.14483
-5.14583 -5.14572
-5.14375 -5.14336
-5.14476 -5.14458
-5.14548 -5.14528
-5.14467 -5.14442
-5.14648 -5.14647
-5.14553 -5.14537
