3.20525 2.95895 2.90072 0.186075 -0.108271 -0.15325 3.24805 2.95834 2.91337 0.224491 -0.102616 -0.175658
3.34164 3.10973 2.67845 0.0586012 -0.214895 0.211885 3.36084 3.1045 2.66255 0.0481892 -0.236146 0.221079
2.9229 2.86563 2.72729 -0.0192728 0.211449 0.203039 2.95045 2.88123 2.7499 -0.0106938 0.205668 0.215337
2.95088 3.58972 3.19974 0.0905646 -0.227563 -0.247245 2.943 3.6429 3.20393 0.0881546 -0.236353 -0.247834
2.9741 3.08615 2.65293 0.182799 -0.452196 -0.444763 2.99392 3.06767 2.66429 0.204659 -0.476173 -0.470318
2.76801 2.74513 3.02825 -0.173203 -0.259034 -0.22359 2.78453 2.72151 3.06944 -0.232553 -0.273991 -0.225514
3.09706 2.88169 2.9315 -0.475925 0.184709 -0.100709 3.07923 2.9064 2.93599 -0.502791 0.16775 -0.143204
2.78026 2.24087 2.52973 0.0355241 0.0137226 0.148023 2.811 2.19734 2.56937 0.0510532 0.0224985 0.14579
2.96557 3.19133 3.64768 -0.059896 -0.260046 0.0941423 2.9546 3.18331 3.65397 -0.0620577 -0.280821 0.0851506
2.80762 2.82731 2.91177 -0.0360285 -0.406839 0.156499 2.81394 2.80468 2.92843 -0.0730264 -0.449031 0.159771
3.13026 3.74299 3.36991 -0.398573 0.339721 -0.15598 3.14123 3.81025 3.38411 -0.382288 0.31975 -0.131651
3.82923 3.89418 3.37231 -0.514665 0.00860414 0.52822 3.85589 3.99196 3.41911 -0.484276 -0.00105917 0.547422
3.77082 3.29855 3.80149 0.226904 -0.0232462 -0.192779 3.77905 3.26615 3.75759 0.244705 -0.0208408 -0.1822
2.57595 3.16421 2.38176 -0.0973387 -0.284549 0.290412 2.55123 3.27453 2.37242 -0.106525 -0.295451 0.288964
2.90123 2.80362 2.34362 0.153769 -0.0662573 0.156459 2.92198 2.75079 2.34924 0.181727 -0.115726 0.167903
4.22861 3.55619 3.67523 0.0290624 -0.00206331 -0.484325 4.25569 3.53708 3.6429 0.0132338 -0.0147474 -0.472023
2.28273 2.70786 2.77814 -0.0515552 0.065224 0.291688 2.28933 2.72397 2.74058 -0.0265832 0.0395691 0.27081
2.52759 3.55135 2.34125 -0.0706148 -0.0108324 -0.149412 2.48777 3.5503 2.32306 -0.0463268 -0.0878759 -0.128178
2.89801 2.89217 3.25119 -0.0175228 -0.13872 0.291965 2.87515 2.79244 3.27241 0.0111721 -0.173853 0.275061
2.09377 2.56755 1.12976 -0.508244 -0.208442 -0.026991 2.09355 2.62083 1.11456 -0.54565 -0.217735 -0.0214413
3.21919 3.37157 4.00075 -0.0890133 0.163241 -0.151655 3.20657 3.41335 4.03884 -0.0742699 0.129759 -0.152965
3.89948 3.62935 4.26643 0.0798701 0.186936 -0.0121776 3.93556 3.59589 4.23908 0.0847865 0.149433 -0.00601993
3.11354 3.52239 2.93784 0.395366 -0.659427 -0.148246 3.16262 3.54667 2.93712 0.422795 -0.701577 -0.142708
3.10412 2.81326 2.93089 0.0741536 0.195575 -0.294977 3.11923 2.77736 2.89198 0.116174 0.202878 -0.316652
3.19228 2.99046 2.99777 -0.0509771 -0.0111321 -0.193409 3.1919 2.96442 2.99815 -0.0204162 -0.0814218 -0.181702
1.97078 3.34015 1.33107 -0.230842 -0.131287 0.0385536 1.98683 3.38664 1.31834 -0.274267 -0.142462 0.0697664
3.85789 3.07497 3.62282 0.216378 0.221069 0.0462268 3.85393 2.9961 3.58255 0.273548 0.232144 0.0408916
2.70143 2.53292 1.91453 0.306842 0.271602 -0.0912006 2.74226 2.50019 1.84695 0.329472 0.251479 -0.0747845
1.92033 2.99028 1.79333 -0.612094 0.13334 -0.17454 1.92863 3.06805 1.77941 -0.654961 0.126862 -0.204304
2.74878 2.69249 2.30862 -0.0297356 0.0729983 0.0732298 2.71177 2.64964 2.31583 -0.0540022 0.0463865 0.123639
2.38799 2.92016 2.27076 -0.261596 -0.0485094 0.198037 2.40784 3.02052 2.29363 -0.294143 -0.0529064 0.203591
3.7567 3.4615 3.25653 0.248969 -0.244511 0.00920872 3.78328 3.43332 3.20703 0.248117 -0.285924 0.0510238
3.34486 2.97466 2.8407 0.252515 -0.297208 -0.101166 3.30916 2.96876 2.78285 0.239745 -0.304512 -0.0932948
2.0428 2.55986 1.61787 -0.53645 -0.117083 0.20944 2.04987 2.64645 1.60971 -0.555556 -0.173012 0.200981
2.33058 2.92902 1.17366 -0.237855 -0.00114268 0.124459 2.3418 2.94897 1.10945 -0.25731 -0.0141587 0.156223
3.21046 2.63541 2.36023 0.21273 -0.574717 0.0121363 3.19735 2.61397 2.31178 0.238431 -0.614215 -0.0102979
2.9517 2.32642 2.85751 0.150554 -0.261584 0.759671 2.9442 2.34682 2.85716 0.140764 -0.298285 0.786562
2.22183 3.23702 2.13903 -0.534527 0.0421488 0.0239759 2.30094 3.29223 2.19415 -0.54694 0.00390191 0.0374499
2.4839 2.38263 3.41757 -0.26426 0.437233 0.133827 2.45111 2.37536 3.48244 -0.287692 0.393042 0.0903049
3.78691 3.19966 4.09467 0.00145492 -0.106075 0.31731 3.74941 3.11831 4.08862 0.0177182 -0.150677 0.355321
2.58031 3.05175 2.0823 0.228385 -0.269452 0.130071 2.624 3.12788 2.09795 0.229649 -0.285168 0.124526
2.69085 3.09105 3.22521 -0.324533 0.47682 -0.480844 2.67652 3.09035 3.25198 -0.374839 0.450073 -0.4738
1.255 1.70966 2.00459 -0.250726 0.0418595 -0.281348 1.22298 1.68902 2.05305 -0.267507 0.0079124 -0.307217
2.11753 1.79664 1.67416 0.198467 -0.372261 0.198983 2.12753 1.81171 1.63199 0.168216 -0.390389 0.187013
2.79816 3.40826 3.11569 -0.457582 0.712254 -0.215981 2.82112 3.45785 3.12193 -0.500416 0.67394 -0.238298
1.95138 1.54873 1.28744 0.0179337 -0.390889 0.250467 1.95978 1.58659 1.26083 0.0150008 -0.403859 0.17909
3.22398 2.94717 3.02754 0.21303 -0.223538 -0.103482 3.24581 2.91686 3.02865 0.253591 -0.233326 -0.114699
1.91965 1.46965 1.13887 -0.146189 -0.0959111 0.49489 1.87503 1.50522 1.1192 -0.127303 -0.143411 0.518995
3.29156 3.41021 2.63954 0.0208957 0.109529 0.339641 3.25953 3.44711 2.67867 0.0208837 0.113351 0.387207
3.67337 3.10335 4.72239 0.102996 0.0153639 0.121635 3.65067 3.05943 4.70062 0.105242 -0.0164146 0.137186
1.74404 2.1387 2.57394 -0.242224 0.0728916 -0.167755 1.68827 2.18631 2.6385 -0.208362 0.0806913 -0.212763
3.49972 3.2199 2.90023 -0.0180261 -0.233078 0.206663 3.56828 3.27776 2.92982 -0.00320549 -0.25322 0.249389
2.92089 2.06219 2.12504 -0.0616206 0.119129 0.386716 2.92046 2.06543 2.10037 -0.0637343 0.135005 0.384776
2.32489 2.68112 2.47973 -0.20699 -0.118641 -0.268299 2.27287 2.6526 2.54189 -0.205885 -0.140975 -0.243891
2.11396 2.08123 1.76045 0.0190393 0.0975981 0.259182 2.0733 2.06205 1.66804 -0.00084141 0.0825428 0.262188
2.16867 2.05939 1.72259 -0.144888 -0.380907 -0.0481777 2.11371 2.05131 1.72223 -0.163083 -0.387085 -0.0618093
3.00509 3.27477 2.75292 0.102805 -0.317527 -0.0790768 3.05009 3.3008 2.68072 0.130641 -0.341707 -0.131591
2.49716 2.26125 3.21917 -0.538028 0.247315 0.076287 2.49668 2.22426 3.29253 -0.554458 0.256221 0.078703
2.6441 2.80024 2.58187 -0.129566 -0.41524 -0.481518 2.67681 2.80459 2.61116 -0.128957 -0.40373 -0.513327
3.79172 3.87892 4.41481 -0.0515191 0.132014 -0.217105 3.77106 3.82979 4.39227 -0.0227136 0.0938992 -0.206564
3.03748 2.9001 3.51998 0.144819 -0.314755 0.245145 3.05661 2.8376 3.55107 0.125493 -0.344756 0.227159
3.65112 4.02506 3.64923 -0.370814 -0.336115 0.10642 3.67219 4.06692 3.6124 -0.387506 -0.325015 0.0988354
2.8702 3.06985 2.51486 -0.0401578 0.244807 0.37654 2.84669 3.14849 2.52169 -0.0670856 0.294142 0.468417
4.97363 5.66651 5.02575 0.112354 -0.0869793 0.127594 4.87186 5.89417 5.07601 0.0894955 -0.0291369 0.18583
3.49719 4.12051 3.58668 -0.575754 0.264996 0.148051 3.45768 4.19897 3.60024 -0.636256 0.379675 0.212907
4.76394 4.81712 4.76723 0.259817 -0.175518 0.311905 4.69244 4.8476 4.6919 0.250419 -0.0548803 0.354698
2.15102 2.99582 2.66624 0.299263 -0.294761 -0.134977 2.05081 3.10389 2.69406 0.275064 -0.287324 -0.0510353
3.4334 3.78097 4.40941 0.070019 -0.234843 0.259817 3.44823 3.7663 4.29085 0.105567 -0.247274 0.228016
3.34154 3.34025 3.37605 -0.307313 0.247738 -0.0573447 3.27488 3.31123 3.30243 -0.343053 0.236785 -0.0663354
2.56518 3.25444 1.48685 0.0103186 0.290397 -0.173927 2.49081 3.26541 1.41365 -0.0040899 0.314462 -0.16763
3.63168 3.72807 3.41447 0.0247937 -0.0971992 0.154469 3.57396 3.79977 3.40798 0.021207 0.0377705 0.232728
4.8903 4.8003 4.8135 -0.36332 0.287219 0.496086 4.8612 4.83556 4.66077 -0.3764 0.29926 0.472785
3.45666 2.9675 3.43538 0.0554834 -0.266969 0.0652435 3.42424 2.98162 3.34887 0.017411 -0.262804 0.0477416
2.04413 2.53907 2.11136 0.0293894 -0.331551 0.156098 2.04609 2.57733 2.04342 0.0263869 -0.31034 0.143046
2.56885 2.28602 2.45675 0.020127 -0.17235 -0.0467403 2.57712 2.31933 2.38396 -0.0297265 -0.123323 -0.0576881
3.92377 4.71043 4.70023 -0.222556 0.544615 -0.0254418 3.91359 4.84119 4.6492 -0.25876 0.54319 0.0325418
3.3288 3.4579 3.24184 0.128 -0.340698 -0.100699 3.30116 3.4088 3.18014 0.103836 -0.293452 -0.0245722
3.20734 3.02012 2.71839 -0.208805 -0.340119 -0.00334316 3.2176 2.98044 2.65902 -0.24216 -0.282639 0.00504625
2.96704 3.6927 3.41989 -0.408953 -0.0368539 0.096872 2.93719 3.74818 3.37828 -0.465697 -0.0345176 0.102824
3.66593 3.05403 2.1447 -0.0419541 0.687534 0.169753 3.68161 3.11513 1.97112 -0.0141105 0.722047 0.173357
3.1502 2.75219 3.18382 0.0808265 0.0882514 0.191703 3.19801 2.71037 3.15897 0.105396 0.114968 0.214661
2.84546 1.54251 2.06365 -0.0167444 -0.185374 0.406466 2.87256 1.51043 2.05105 -0.0147009 -0.197265 0.404551
1.89297 2.01465 1.86299 -0.331769 0.224672 0.283349 1.84731 2.01847 1.88503 -0.324549 0.203143 0.314755
1.40939 1.48311 2.65655 0.0140468 -0.304107 0.00269916 1.34813 1.44043 2.74889 0.02294 -0.327766 -0.028528
2.58276 2.78042 2.73839 -0.0809626 -0.266977 0.382014 2.53478 2.85582 2.80073 -0.0921266 -0.270535 0.383986
3.30266 3.21991 3.5674 -0.0358112 -0.135314 -0.359936 3.29779 3.28065 3.55283 -0.0390973 -0.166811 -0.369125
3.30539 3.16253 3.12582 0.355073 0.15169 0.192603 3.33554 3.15316 3.12276 0.373998 0.17575 0.220061
2.37529 2.7528 2.66993 0.0616741 -0.02182 -0.0254573 2.34867 2.73357 2.63149 0.0218479 -0.015402 -0.00279423
3.29003 3.54942 3.75651 0.115248 -0.00179932 0.230489 3.25607 3.51959 3.73688 0.135298 -0.0246122 0.23286
3.37607 1.59305 3.17351 0.0608663 0.240896 0.422536 3.36098 1.46656 3.13976 0.053729 0.224512 0.458464
3.24138 2.79269 3.15604 0.0995767 0.226511 -0.464543 3.29273 2.74783 3.22256 0.090575 0.240151 -0.502526
2.95344 2.41979 3.03019 0.141342 -0.477019 -0.382083 3.03292 2.37306 2.99468 0.144909 -0.489825 -0.410215
2.43467 2.96262 2.85619 -0.249283 0.219875 0.0906825 2.42334 2.96682 2.82389 -0.278044 0.205651 0.107893
3.47377 3.22245 3.33045 -0.313841 0.38989 0.338374 3.3833 3.19418 3.30389 -0.332858 0.402565 0.338868
2.71417 2.63952 2.37437 0.0742438 0.21718 0.084575 2.74941 2.59758 2.36467 0.0699256 0.211289 0.0653498
2.98904 3.10832 2.8023 -0.297376 -0.00499671 0.230268 3.01083 3.13303 2.781 -0.294297 -0.0252446 0.249267
2.65433 1.89224 2.87259 0.335294 -0.241693 0.323806 2.69251 1.8054 2.82654 0.365856 -0.252316 0.37409
2.91186 2.56358 3.29762 -0.130453 -0.401308 0.286313 2.90762 2.57529 3.31881 -0.143896 -0.436506 0.253281
4.27166 3.48841 4.35358 -0.285787 0.54484 0.0690986 4.21611 3.39607 4.39824 -0.251709 0.560587 0.0664833
2.43319 3.04013 3.07043 0.0882055 -0.215609 0.500803 2.41627 3.11011 3.09643 0.0765427 -0.192519 0.529691
2.37081 1.99585 2.07079 0.0826723 -0.122219 0.390538 2.35645 2.02648 2.03379 0.0800749 -0.136038 0.393189
2.6947 2.43966 3.04093 0.142072 0.0157801 0.0425163 2.71193 2.44321 3.05402 0.142369 0.0132658 0.0457258
3.88848 3.04571 3.34328 -0.0154633 0.0389637 -0.0807812 3.90523 3.00032 3.30396 -0.0195087 0.0363543 -0.07381
2.79155 3.13708 2.6689 -0.298604 -0.0333494 -0.0760411 2.79786 3.13583 2.65258 -0.313458 -0.0674291 -0.122852
2.98685 2.56235 2.91806 0.064243 -0.0444169 0.229665 3.02491 2.54872 2.915 0.0440296 -0.0191587 0.201792
2.53772 3.02454 2.31738 0.169869 -0.107637 -0.225044 2.53192 3.07827 2.27856 0.199727 -0.119428 -0.254373
3.10898 2.95817 3.76928 -0.0995971 0.534885 0.449922 3.03937 2.89225 3.75376 -0.0722925 0.526904 0.463128
2.69641 2.20683 2.97148 -0.272559 -0.0488833 0.1586 2.69354 2.17998 2.99892 -0.32455 -0.0581442 0.179353
3.53077 3.34801 3.60609 0.0394331 0.322935 -0.20335 3.54684 3.34271 3.61027 0.0606488 0.333799 -0.182529
2.80192 3.31713 2.67884 0.153582 -0.118696 0.189767 2.84287 3.33724 2.62064 0.142443 -0.11687 0.210992
3.031 3.09826 2.84879 0.386102 -0.0701026 0.0459926 3.0165 3.11702 2.80937 0.410855 -0.0841573 0.0429219
2.87119 2.94351 2.54605 -0.00511309 -0.0251872 0.394153 2.87884 2.94038 2.50285 0.0164961 -0.054993 0.380916
3.49019 2.73318 2.69846 0.0161714 0.37802 0.188226 3.55293 2.70003 2.65477 0.0349857 0.398358 0.207863
1.77996 2.57975 2.62865 -0.358074 0.255833 -0.103284 1.71264 2.5885 2.63303 -0.37024 0.267881 -0.0957576
2.47956 2.73312 2.37092 0.0938224 -0.144606 0.148681 2.44831 2.80378 2.38791 0.0951385 -0.156029 0.140241
2.85365 2.42578 2.29841 0.277529 0.0110011 0.0620007 2.87804 2.44772 2.2453 0.2989 -0.00114087 0.0429494
3.07477 3.06956 3.41402 0.0478122 0.256755 0.0581738 3.04218 3.10748 3.37952 0.040129 0.283017 0.0190929
2.73795 2.43813 2.25259 0.232621 -0.00899024 0.730893 2.78915 2.4569 2.24081 0.267041 -0.0211331 0.770189
3.10145 2.3869 2.78914 0.339196 -0.0409401 0.0417612 3.13158 2.33733 2.75102 0.36906 0.0354773 0.0186793
2.13646 2.39342 2.12357 -0.0700079 -0.0930548 0.339615 2.13823 2.44997 2.13669 -0.0791015 -0.0904912 0.335858
3.2624 3.49237 3.72281 -0.060615 0.287835 0.04869 3.25099 3.52376 3.72864 -0.0613071 0.295953 0.0461802
2.89597 2.95595 3.04999 -0.0962493 0.0776785 0.0413345 2.8734 2.9643 3.0569 -0.100394 0.0716006 0.036538
2.93392 2.40325 2.91452 0.138896 -0.215582 -0.0325535 2.94468 2.35064 2.93058 0.134418 -0.20806 -0.046294
2.93856 2.84239 3.11824 -0.0653435 -0.136492 -0.105811 2.93099 2.82511 3.15458 -0.0659474 -0.150812 -0.0852863
2.91536 2.76148 2.29928 -0.192918 0.270558 -0.0721086 2.92518 2.77421 2.32968 -0.211531 0.282788 -0.08204
2.84665 2.92551 2.73844 0.0262606 0.279711 0.0347587 2.83118 2.94073 2.76707 0.0291069 0.313547 0.0492053
3.62396 3.05847 3.13801 0.114596 0.0281426 0.134224 3.65615 3.03255 3.16552 0.126374 0.0149453 0.120686
3.15519 3.07574 3.48783 0.232965 -0.331466 -0.187208 3.16612 3.06918 3.48902 0.225932 -0.328429 -0.198018
2.99356 2.99869 3.37247 -0.0741177 -0.0993958 0.144175 2.99918 3.00532 3.40168 -0.0939233 -0.0951225 0.14804
2.95774 2.97595 2.66084 -0.0704759 -0.0403151 0.230026 2.9271 2.98627 2.66818 -0.0727612 -0.0552118 0.23741
2.81499 3.29679 2.55956 0.162791 -0.152214 0.0445986 2.79139 3.34029 2.56106 0.168427 -0.153523 0.0476472
3.08666 3.06174 3.02653 -0.0291962 -0.0803693 -0.118204 3.09487 3.05218 3.05298 -0.0267829 -0.0688634 -0.11731
2.5038 2.88936 2.86126 -0.0570606 0.192768 -0.111255 2.46561 2.90475 2.8634 -0.0532845 0.202945 -0.124418
3.15654 3.22507 2.86422 0.124635 0.00424178 0.115551 3.17311 3.25612 2.87693 0.135473 0.00543368 0.111941
3.03358 2.97438 3.05024 0.0476605 -0.0939044 0.0420186 3.04746 2.96567 3.07302 0.0370676 -0.111327 0.0464754
3.04558 2.82627 3.13248 -0.0274233 0.178167 -0.154357 3.04458 2.79996 3.15505 -0.025572 0.18312 -0.168047
3.06634 3.25536 2.90405 0.0927513 -0.0177373 0.306007 3.06474 3.27689 2.92102 0.102653 0.00276867 0.317228
3.08827 2.4328 3.20993 -0.111895 -0.0105614 0.0907574 3.10982 2.39887 3.22371 -0.120942 -0.018179 0.0874361
3.12318 2.68537 2.6535 0.102042 -0.0644531 0.194148 3.11981 2.69915 2.67556 0.11782 -0.0807289 0.189259
2.76067 3.16325 2.85183 -0.184361 0.174666 0.0442169 2.72974 3.18462 2.86458 -0.20055 0.177218 0.0710861
2.77105 2.67841 2.90051 0.0215701 -0.135752 -0.0973516 2.7634 2.65666 2.90398 0.00322656 -0.124755 -0.111278
2.9653 2.92502 2.9395 0.176429 -0.0183329 -0.242855 2.98194 2.90553 2.94428 0.186514 -0.0194604 -0.245002
3.23136 3.23041 3.09995 0.143823 -0.00856778 0.0126123 3.23817 3.22592 3.10557 0.172822 -0.00090106 0.0278422
3.12354 3.08962 3.07324 0.0553791 -0.0103095 0.0134556 3.126 3.06702 3.06381 0.05198 -0.00286583 0.0154005
3.03733 2.90182 3.42618 -0.0129705 0.0405574 -0.0718889 3.03429 2.87696 3.43762 -0.0171707 0.0514304 -0.072876
3.0676 2.94483 2.68317 0.0274894 -0.0690698 -0.190083 3.07422 2.92444 2.69386 0.0191502 -0.0759163 -0.20954
3.06152 3.00621 3.34566 0.0300787 -0.0146198 0.103707 3.06003 2.99877 3.34845 0.0269241 -0.0191511 0.105335
3.0634 3.06416 3.17465 -0.0318223 0.081787 0.0152231 3.05254 3.06322 3.17677 -0.0255197 0.0859759 0.0188468
3.0006 2.91102 3.11187 0.0616513 -0.127932 -0.0516365 2.99708 2.89268 3.10504 0.0622072 -0.128597 -0.0573598
2.70569 2.69879 2.70494 -0.181409 0.191568 -0.0442512 2.70421 2.70759 2.72313 -0.186697 0.189961 -0.0408563
2.97633 3.2411 3.16923 -0.00770503 -0.0254821 -0.131862 2.9681 3.23996 3.17616 -0.0183234 -0.0220644 -0.13166
2.75834 3.09183 3.15921 -0.119067 -0.0232105 0.112541 2.71961 3.09211 3.16404 -0.123527 -0.0296946 0.118719
2.97865 3.0124 3.04751 -0.129729 -0.0812574 0.144723 2.96194 3.02081 3.04564 -0.144289 -0.0792654 0.158362
3.14647 2.99029 2.95725 -0.00836719 0.0702273 -0.144017 3.16163 2.9639 2.9605 -0.00181747 0.0772626 -0.150431
3.22519 3.21106 3.18353 0.06935 -0.155449 0.203478 3.21992 3.19706 3.19309 0.0732328 -0.160889 0.214773
3.32527 3.14137 3.05996 0.00395835 0.0076623 0.0810545 3.34268 3.148 3.06801 0.00975635 0.00451589 0.088894
2.88644 3.00409 3.06724 0.0720451 -0.0321978 0.0352521 2.86795 2.99458 3.07087 0.0692943 -0.0286203 0.0497549
3.07731 3.23632 3.37378 0.0683869 0.153928 0.0800432 3.05136 3.23513 3.3959 0.0840402 0.16746 0.088303
3.04071 3.14193 2.99308 -0.0181156 0.0398503 -0.191885 3.0561 3.13524 3.00222 -0.0196944 0.0451084 -0.192765
3.49073 3.17015 3.49561 0.0672346 -0.220626 0.0611198 3.49184 3.15267 3.51042 0.0734173 -0.227941 0.0568931
2.78528 2.24283 2.79686 0.490134 -0.174209 0.408152 2.81925 2.23871 2.85804 0.51666 -0.181793 0.38246
2.83005 3.29442 2.89517 0.0318837 0.189244 0.74561 2.79098 3.35081 2.90234 0.0628032 0.179518 0.75595
4.011 3.12737 3.46559 -0.157796 0.323031 0.108298 4.02761 3.112 3.4447 -0.122254 0.310414 0.130067
3.48669 2.78703 3.38694 0.401391 -0.0614932 0.579661 3.50125 2.77488 3.35317 0.406554 -0.0376115 0.604974
3.92623 3.5863 4.056 0.151167 -0.147543 0.477989 3.91484 3.55515 3.99672 0.153641 -0.162245 0.519241
3.02347 2.5644 2.18888 -0.176394 1.01094 -0.044121 3.02806 2.49275 2.17945 -0.159913 1.05218 -0.0994041
2.96729 2.52322 3.10088 0.0201362 0.080299 -0.0153071 2.88913 2.47641 3.06133 0.0200877 0.0944302 -0.0348512
3.21208 3.3454 3.0024 -0.300491 -0.191112 0.539024 3.1752 3.2893 2.94116 -0.346756 -0.261736 0.577886
3.31097 3.22544 2.78366 0.339809 0.390824 -0.0821433 3.28639 3.24431 2.8091 0.353738 0.413243 -0.132979
2.91667 3.47229 1.95633 0.000755554 0.0238024 0.0187167 2.95474 3.53173 1.89423 0.0129723 0.0336605 -0.00510157
2.45133 1.86369 1.74237 0.163359 -0.437938 0.117492 2.48409 1.85785 1.75914 0.187538 -0.444547 0.08896
2.76962 3.14471 2.78054 -0.432724 -0.148887 0.0488492 2.77302 3.17242 2.82217 -0.454249 -0.191713 0.0299494
2.45293 2.49684 2.90437 -0.0754605 -0.0624842 0.136718 2.40578 2.48532 2.92419 -0.108697 -0.0762821 0.169739
2.87295 2.69638 3.19585 0.130898 -0.137988 -0.251604 2.82398 2.64811 3.23562 0.0913813 -0.12376 -0.280059
2.35143 3.20932 1.34744 0.107948 -0.369594 -0.217391 2.31617 3.24519 1.3317 0.0836898 -0.388447 -0.213738
2.09898 1.6404 1.53552 -0.505291 0.0401935 0.275065 2.17989 1.72226 1.60864 -0.536835 0.0150875 0.254513
3.28938 3.18277 3.20402 0.0102639 0.0179488 -0.0207159 3.29647 3.17343 3.1926 0.0165051 0.0133803 -0.0269624
3.25503 3.40504 3.40459 -0.0864729 0.0214176 0.029874 3.23945 3.39753 3.39388 -0.0934208 0.0213562 0.0380532
3.3345 3.5577 3.70124 -0.0163145 -0.0436792 -0.0220536 3.31971 3.57344 3.68559 -0.0256677 -0.052814 -0.0220472
3.14653 3.49192 3.2745 -0.128866 0.0631155 -0.124965 3.13638 3.50434 3.26316 -0.132448 0.0563165 -0.114579
3.10387 3.24096 3.00054 -0.00117844 -0.112685 -0.038358 3.09065 3.23945 2.99282 -0.00935085 -0.116291 -0.0380503
3.3949 3.40303 3.3548 -0.0956239 0.0463546 -0.101775 3.40209 3.38151 3.34884 -0.105532 0.0431597 -0.103146
3.36528 3.38582 3.07683 -0.0481494 -0.103056 -0.0476485 3.36562 3.38157 3.0684 -0.0505197 -0.108384 -0.0465662
3.1013 3.0954 3.10026 0.0410334 -0.203064 0.0390558 3.0954 3.0844 3.10114 0.0333082 -0.210911 0.0379356
3.34547 3.2986 3.16215 -0.0491756 0.122394 0.257813 3.32735 3.30741 3.15499 -0.0427231 0.113161 0.265212
3.27644 3.11748 2.88929 0.11978 -0.163338 0.0719271 3.26418 3.12611 2.87772 0.123349 -0.167263 0.0635599
3.22954 3.18216 3.04045 0.0935187 -0.0353462 -0.164484 3.23211 3.18055 3.0401 0.101707 -0.031967 -0.179345
3.06187 2.97228 3.12044 0.0357654 -0.00342605 -0.0104772 3.04886 2.95776 3.1212 0.0335214 -0.000982951 -0.015214
3.35905 3.22508 3.23363 -0.08928 0.219613 0.0134071 3.34947 3.21323 3.22518 -0.0888883 0.229282 0.00608757
3.18705 3.02047 3.13007 0.0571281 -0.0161577 0.000390038 3.17736 3.0065 3.11943 0.0610906 -0.0147609 -0.00273752
3.41268 3.42158 3.339 -0.0153251 -0.0143185 0.0117986 3.4159 3.42261 3.31775 -0.0185155 -0.0166591 0.0148457
3.23921 3.1873 3.07849 -0.0809761 0.0729674 0.0531359 3.2411 3.18858 3.07361 -0.0830312 0.0558507 0.0556515
3.08883 3.20992 2.84478 -0.0737125 0.106284 -0.0585933 3.08484 3.21312 2.82509 -0.0825415 0.111305 -0.0583813
3.32602 3.35799 3.15182 0.0427937 -0.0299389 0.0853733 3.31734 3.37445 3.14798 0.0495583 -0.0228517 0.0932885
2.89354 2.98522 2.68145 -0.091938 0.0331765 0.0812524 2.8818 2.99887 2.67259 -0.101901 0.0199689 0.0812596
3.2539 3.11106 3.01751 -0.0457113 -0.197475 0.162235 3.2451 3.11751 3.0126 -0.064788 -0.202387 0.167934
