0.411488 0.379869 0.372393 0.0238883 -0.0138998 -0.0196742 0.416983 0.37979 0.374016 0.0288201 -0.0131738 -0.0225509
0.429227 0.399439 0.344041 0.0075272 -0.0276029 0.0272162 0.431693 0.398767 0.341999 0.00618981 -0.0303325 0.0283972
0.377002 0.369615 0.351772 -0.00248585 0.0272732 0.0261884 0.380556 0.371627 0.354688 -0.00137931 0.0265275 0.0277747
0.377882 0.45969 0.40975 0.0115975 -0.0291411 -0.0316616 0.376873 0.466501 0.410287 0.0112888 -0.0302668 -0.031737
0.383524 0.397973 0.342107 0.0235727 -0.0583127 -0.0573542 0.386079 0.39559 0.343572 0.0263917 -0.0614046 -0.0606496
0.357277 0.354324 0.390868 -0.022356 -0.0334345 -0.0288596 0.359409 0.351276 0.396184 -0.0300164 -0.0353651 -0.029108
0.398403 0.370699 0.377106 -0.0612227 0.0237609 -0.0129551 0.39611 0.373877 0.377684 -0.0646787 0.0215793 -0.0184216
0.359525 0.289774 0.327127 0.00459373 0.00177452 0.0191414 0.363499 0.284145 0.332254 0.00660185 0.00290935 0.0188526
0.380655 0.409633 0.468209 -0.00768814 -0.0333791 0.0120839 0.379247 0.408604 0.469017 -0.0079656 -0.0360456 0.0109298
0.362859 0.365405 0.376321 -0.00465636 -0.0525803 0.0202261 0.363676 0.36248 0.378474 -0.00943801 -0.0580332 0.020649
0.403714 0.48274 0.434622 -0.0514046 0.0438143 -0.020117 0.405129 0.491414 0.436453 -0.0493042 0.0412387 -0.0169792
0.494094 0.502474 0.435135 -0.0664083 0.00111021 0.0681572 0.497533 0.515091 0.441175 -0.0624871 -0.000136667 0.070635
0.483481 0.422928 0.487413 0.0290928 -0.00298054 -0.0247174 0.484536 0.418774 0.481784 0.0313751 -0.00267213 -0.0233611
0.33692 0.41386 0.31152 -0.0127313 -0.0372173 0.0379842 0.333687 0.42829 0.310298 -0.0139329 -0.0386433 0.0377949
0.373674 0.361103 0.301854 0.0198052 -0.00853384 0.0201517 0.376348 0.354298 0.302579 0.0234062 -0.0149053 0.0216257
0.54168 0.455544 0.470792 0.00372286 -0.000264307 -0.0620415 0.545148 0.453095 0.46665 0.00169523 -0.00188912 -0.0604656
0.297687 0.353128 0.362293 -0.00672323 0.00850576 0.0380386 0.298548 0.355229 0.357395 -0.00346667 0.00516014 0.0353159
0.32663 0.458925 0.302549 -0.00912525 -0.00139982 -0.0193079 0.321483 0.45879 0.300199 -0.00598662 -0.0113558 -0.0165639
0.374864 0.374109 0.420548 -0.00226661 -0.0179437 0.0377663 0.371907 0.361209 0.423293 0.00144514 -0.0224882 0.0355797
0.274102 0.336126 0.147901 -0.0665359 -0.0272879 -0.00353348 0.274073 0.343101 0.145911 -0.0714328 -0.0285044 -0.00280694
0.417788 0.437565 0.519219 -0.0115522 0.0211855 -0.0196819 0.41615 0.442986 0.524163 -0.0096388 0.0168402 -0.0198519
0.499557 0.46495 0.546565 0.010232 0.0239481 -0.00156005 0.504178 0.460663 0.543062 0.0108619 0.0191436 -0.000771204
0.401198 0.45388 0.378559 0.0509452 -0.0849711 -0.0191024 0.407523 0.45701 0.378465 0.0544796 -0.0904024 -0.0183888
0.402519 0.364803 0.380056 0.00961569 0.0253608 -0.0382504 0.404479 0.360147 0.37501 0.0150646 0.0263077 -0.041061
0.414029 0.387853 0.388801 -0.00661157 -0.00144379 -0.0250845 0.413979 0.384476 0.38885 -0.00264792 -0.0105601 -0.0235661
0.256534 0.434784 0.173264 -0.0300484 -0.0170895 0.00501848 0.258624 0.440835 0.171607 -0.0357011 -0.0185441 0.00908144
0.491594 0.391831 0.461641 0.0275722 0.0281698 0.00589048 0.491091 0.38178 0.456509 0.034857 0.0295811 0.00521065
0.350454 0.328593 0.24837 0.0398063 0.0352346 -0.0118314 0.355751 0.324347 0.239603 0.042742 0.0326241 -0.00970171
0.25214 0.392624 0.235464 -0.080368 0.0175075 -0.0229172 0.253229 0.402835 0.233636 -0.0859964 0.0166569 -0.0268251
0.355003 0.347733 0.298157 -0.00384033 0.00942768 0.00945758 0.350224 0.342199 0.299088 -0.00697435 0.00599079 0.0159679
0.310886 0.380167 0.295624 -0.0340564 -0.00631529 0.0257819 0.313469 0.393233 0.298601 -0.0382937 -0.00688773 0.026505
0.483057 0.445099 0.418742 0.0320138 -0.0314405 0.00118411 0.486475 0.441475 0.412377 0.0319043 -0.0367657 0.00656093
0.431627 0.383855 0.36657 0.032585 -0.0383522 -0.0130546 0.42702 0.383094 0.359104 0.0309371 -0.0392948 -0.0120389
0.268115 0.335979 0.212343 -0.0704084 -0.015367 0.0274887 0.269043 0.347344 0.211273 -0.0729161 -0.0227076 0.0263785
0.303726 0.381715 0.152954 -0.0309977 -0.000148916 0.0162197 0.305188 0.384315 0.144585 -0.0335331 -0.00184519 0.0203593
0.417743 0.342917 0.307112 0.0276803 -0.0747817 0.00157917 0.416037 0.340127 0.300807 0.0310245 -0.0799212 -0.00133995
0.38334 0.302134 0.371107 0.0195526 -0.0339721 0.0986592 0.382366 0.304784 0.371061 0.0182812 -0.0387385 0.102151
0.28993 0.422403 0.279125 -0.0697513 0.00550007 0.00312865 0.300253 0.429609 0.286318 -0.0713711 0.000509167 0.0048869
0.324878 0.311633 0.446997 -0.0345635 0.0571873 0.0175037 0.320589 0.310682 0.45548 -0.0376282 0.0514074 0.0118113
0.486416 0.410985 0.525946 0.000186879 -0.0136249 0.0407573 0.481598 0.400535 0.525168 0.00227583 -0.0193539 0.0456397
0.338045 0.399808 0.272801 0.0299205 -0.0353008 0.0170406 0.343769 0.409781 0.274851 0.0300862 -0.0373597 0.0163141
0.34881 0.400687 0.418078 -0.0420686 0.0618093 -0.062331 0.346953 0.400597 0.421548 -0.0485897 0.0583422 -0.0614179
0.166168 0.226367 0.265416 -0.0331973 0.00554239 -0.0372518 0.161929 0.223635 0.271834 -0.0354191 0.00104764 -0.0406769
0.280335 0.237853 0.221639 0.0262746 -0.0492829 0.0263429 0.281659 0.239849 0.216056 0.0222698 -0.0516827 0.0247583
0.361636 0.440485 0.402674 -0.0591382 0.0920522 -0.0279135 0.364603 0.446895 0.40348 -0.0646741 0.0871005 -0.0307977
0.257881 0.204669 0.17014 0.00236999 -0.0516572 0.0331 0.258992 0.209673 0.166623 0.00198241 -0.0533712 0.0236673
0.415075 0.379436 0.389785 0.0274268 -0.0287797 -0.0133229 0.417886 0.375534 0.389927 0.0326488 -0.0300398 -0.014767
0.253585 0.19414 0.150444 -0.0193114 -0.0126698 0.0653747 0.24769 0.198839 0.147845 -0.0168167 -0.0189445 0.068559
0.4276 0.443013 0.342897 0.00271452 0.0142287 0.0441221 0.423439 0.447807 0.347981 0.00271296 0.0147252 0.0503013
0.474346 0.400739 0.609807 0.0133 0.00198395 0.0157069 0.471415 0.395067 0.606995 0.01359 -0.00211963 0.0177149
0.23107 0.283359 0.341025 -0.0320925 0.00965749 -0.0222261 0.223681 0.289667 0.349577 -0.0276062 0.0106909 -0.0281893
0.456327 0.419842 0.37816 -0.00235042 -0.0303909 0.0269467 0.465266 0.427387 0.382018 -0.000417963 -0.0330173 0.0325177
0.382093 0.269762 0.277985 -0.00806081 0.0155837 0.0505877 0.382036 0.270187 0.274758 -0.00833732 0.0176605 0.0503339
0.302177 0.348478 0.322303 -0.0269035 -0.0154203 -0.0348721 0.295416 0.344771 0.330382 -0.0267599 -0.0183232 -0.0316997
0.275317 0.271055 0.229277 0.00247963 0.0127109 0.0337553 0.270022 0.268557 0.217242 -0.000109583 0.0107502 0.0341468
0.283915 0.269609 0.225516 -0.0189684 -0.0498673 -0.00630729 0.27672 0.268552 0.225469 -0.0213504 -0.0506761 -0.0080919
0.387585 0.422368 0.355062 0.0132594 -0.0409534 -0.010199 0.393389 0.425724 0.345749 0.0168496 -0.044072 -0.0169721
0.326167 0.295353 0.420471 -0.0702744 0.032303 0.00996421 0.326103 0.290521 0.430054 -0.0724204 0.0334662 0.0102798
0.345216 0.365603 0.337092 -0.0169163 -0.0542142 -0.0628675 0.349487 0.366171 0.340916 -0.0168368 -0.0527114 -0.0670205
0.487323 0.498529 0.567404 -0.00662138 0.0169668 -0.0279029 0.484668 0.492216 0.564507 -0.00291921 0.0120682 -0.0265482
0.393467 0.375671 0.455969 0.0187595 -0.0407725 0.0317555 0.395945 0.367575 0.459996 0.016256 -0.0446587 0.0294256
0.444881 0.490445 0.44465 -0.0451829 -0.0409549 0.012967 0.447449 0.495545 0.440163 -0.0472168 -0.0396024 0.0120429
0.361863 0.387034 0.317063 -0.00506293 0.0308642 0.0474725 0.358899 0.396948 0.317924 -0.00845787 0.0370842 0.0590561
0.596307 0.679379 0.602556 0.0134705 -0.0104283 0.0152977 0.584105 0.706674 0.608581 0.01073 -0.00349333 0.0222798
0.42794 0.504215 0.438892 -0.0704533 0.0324267 0.0181165 0.423106 0.513815 0.44055 -0.0778567 0.0464597 0.0260528
0.58496 0.59149 0.585364 0.0319027 -0.0215517 0.0382985 0.576181 0.595233 0.576115 0.0307487 -0.0067387 0.0435531
0.267278 0.372248 0.331296 0.0371853 -0.0366258 -0.0167717 0.254825 0.385677 0.334754 0.0341783 -0.0357017 -0.00634144
0.415947 0.458053 0.534187 0.0084826 -0.0284506 0.0314761 0.417743 0.456277 0.519824 0.0127891 -0.0299566 0.0276235
0.428605 0.42844 0.433032 -0.0394177 0.0317763 -0.00735536 0.420055 0.424718 0.423589 -0.0440019 0.0303714 -0.00850856
0.331399 0.420446 0.192087 0.00133308 0.0375168 -0.0224698 0.321792 0.421862 0.182632 -0.00052838 0.0406258 -0.0216563
0.449014 0.460931 0.422158 0.00306544 -0.0120175 0.0190982 0.441877 0.469796 0.421355 0.00262199 0.00466986 0.028774
0.588322 0.577495 0.579083 -0.0437088 0.0345536 0.0596811 0.584822 0.581737 0.56071 -0.0452824 0.0360022 0.0568779
0.422903 0.363057 0.4203 0.00678809 -0.0326622 0.00798218 0.418937 0.364785 0.409716 0.00213014 -0.0321526 0.00584093
0.264139 0.328094 0.272827 0.00379765 -0.0428424 0.0201707 0.264393 0.333038 0.264047 0.00340968 -0.0401016 0.0184841
0.331474 0.294979 0.317009 0.00259711 -0.0222394 -0.00603119 0.332541 0.299277 0.307617 -0.00383579 -0.0159131 -0.00744384
0.475221 0.570496 0.569261 -0.0269545 0.0659603 -0.00308134 0.473988 0.586334 0.56308 -0.0313394 0.0657876 0.00394125
0.421777 0.438134 0.410759 0.0162183 -0.0431683 -0.0127591 0.418274 0.431914 0.402941 0.0131566 -0.0371819 -0.00311343
0.408042 0.384224 0.345837 -0.0265644 -0.0432703 -0.000425321 0.409347 0.379176 0.338284 -0.0308079 -0.0359577 0.000641991
0.364204 0.453279 0.419791 -0.0501989 -0.00452382 0.011891 0.36054 0.460089 0.414684 -0.0571643 -0.00423704 0.0126216
0.468726 0.390488 0.274222 -0.00536424 0.087908 0.0217046 0.470731 0.3983 0.252027 -0.00180417 0.0923209 0.0221655
0.410686 0.358798 0.415069 0.0105372 0.0115052 0.0249919 0.416919 0.353347 0.41183 0.0137403 0.0149882 0.027985
0.372838 0.202113 0.270399 -0.002194 -0.0242894 0.0532589 0.376389 0.19791 0.268747 -0.00192625 -0.0258475 0.053008
0.249129 0.265143 0.245183 -0.0436633 0.0295686 0.0372909 0.24312 0.265646 0.248084 -0.0427131 0.0267352 0.0414241
0.186746 0.196513 0.351996 0.00186121 -0.0402946 0.000357642 0.178629 0.190859 0.364232 0.00303958 -0.0434294 -0.00378
0.336878 0.362659 0.357178 -0.0105602 -0.0348227 0.0498273 0.33062 0.372494 0.365309 -0.0120164 -0.0352869 0.0500846
0.426502 0.415816 0.46069 -0.00462461 -0.0174743 -0.0464818 0.425873 0.42366 0.458808 -0.00504898 -0.0215418 -0.0476684
0.427605 0.409124 0.404376 0.0459345 0.0196235 0.0249163 0.431506 0.407912 0.403979 0.0483827 0.0227361 0.0284684
0.312559 0.362234 0.351329 0.00811553 -0.00287123 -0.00334986 0.309055 0.359703 0.346271 0.00287491 -0.00202671 -0.000367685
0.424547 0.45802 0.484743 0.0148716 -0.000232185 0.0297425 0.420165 0.45417 0.482209 0.017459 -0.00317597 0.0300484
0.43829 0.206814 0.411993 0.00790181 0.0312738 0.0548547 0.43633 0.190392 0.407612 0.00697523 0.0291468 0.0595189
0.420072 0.361923 0.409011 0.0129048 0.0293549 -0.0602031 0.426725 0.356109 0.417632 0.0117382 0.0311227 -0.0651255
0.384278 0.314843 0.394264 0.0183903 -0.0620658 -0.0497135 0.394619 0.308763 0.389643 0.0188544 -0.063732 -0.0533738
0.315689 0.384144 0.370345 -0.032323 0.0285098 0.0117582 0.314219 0.38469 0.366157 -0.0360522 0.0266655 0.0139899
0.447453 0.415081 0.428992 -0.0404255 0.0502213 0.0435856 0.435799 0.411438 0.42557 -0.042875 0.051854 0.0436492
0.353342 0.343624 0.309105 0.00966537 0.0282733 0.0110103 0.357929 0.338164 0.307842 0.00910319 0.0275065 0.0085075
0.3868 0.402235 0.362634 -0.0384822 -0.000646604 0.029798 0.389619 0.405433 0.359878 -0.0380838 -0.00326681 0.0322567
0.347957 0.248055 0.376569 0.0439538 -0.0316836 0.0424478 0.352962 0.23667 0.370532 0.0479603 -0.0330763 0.0490396
0.380002 0.33455 0.430344 -0.0170243 -0.0523712 0.0373642 0.379448 0.336079 0.433109 -0.0187786 -0.0569647 0.0330536
0.548808 0.448178 0.559332 -0.0367169 0.0699991 0.00887754 0.541671 0.436315 0.56507 -0.0323387 0.0720222 0.00854153
0.316159 0.395022 0.398959 0.0114611 -0.0280154 0.0650723 0.313961 0.404115 0.402338 0.00994565 -0.0250152 0.0688259
0.308794 0.259956 0.269718 0.0107679 -0.0159188 0.0508669 0.306924 0.263946 0.264898 0.0104296 -0.0177187 0.0512122
0.34916 0.316113 0.394021 0.0184087 0.00204467 0.00550896 0.351392 0.316573 0.395718 0.0184472 0.00171889 0.00592481
0.498798 0.390691 0.428863 -0.00198357 0.00499811 -0.0103623 0.500947 0.384869 0.423819 -0.0025025 0.00466338 -0.00946806
0.360479 0.405099 0.344641 -0.0385594 -0.00430648 -0.00981936 0.361293 0.404937 0.342533 -0.0404775 -0.00870727 -0.0158642
0.385197 0.330451 0.376325 0.00828505 -0.00572819 0.0296186 0.390105 0.328694 0.37593 0.00567824 -0.00247079 0.0260239
0.328468 0.391479 0.299949 0.0219869 -0.013932 -0.0291284 0.327717 0.398434 0.294924 0.0258515 -0.0154581 -0.0329246
0.399912 0.380513 0.484847 -0.0128113 0.0688029 0.0578741 0.390958 0.372034 0.482851 -0.00929907 0.0677763 0.0595727
0.350613 0.286953 0.386379 -0.0354406 -0.00635627 0.0206226 0.350239 0.283462 0.389948 -0.0422011 -0.00756046 0.0233212
0.453328 0.429862 0.462999 0.00506295 0.0414627 -0.0261087 0.45539 0.429182 0.463534 0.0077869 0.0428576 -0.0234355
0.361272 0.427702 0.345403 0.0198025 -0.0153044 0.0244681 0.366552 0.430295 0.337898 0.0183662 -0.0150689 0.0272047
0.390199 0.398858 0.366742 0.0497052 -0.00902474 0.00592091 0.388332 0.401273 0.361668 0.0528918 -0.0108341 0.0055256
0.371168 0.380518 0.329136 -0.000660986 -0.00325603 0.0509534 0.372157 0.380112 0.323552 0.0021325 -0.00710912 0.0492422
0.448055 0.350873 0.346415 0.00207601 0.0485284 0.0241636 0.456109 0.346618 0.340807 0.0044913 0.0511393 0.0266845
0.232534 0.337018 0.343406 -0.0467787 0.0334219 -0.013493 0.22374 0.338162 0.343978 -0.0483681 0.034996 -0.0125098
0.32247 0.355446 0.308342 0.0122017 -0.0188063 0.0193362 0.318407 0.364636 0.310551 0.0123729 -0.0202919 0.0182386
0.370446 0.314902 0.298368 0.0360273 0.0014281 0.0080486 0.373612 0.31775 0.291474 0.0388016 -0.000148102 0.00557546
0.396559 0.395887 0.440313 0.00616643 0.0331142 0.00750278 0.392356 0.400778 0.435863 0.00517551 0.0365013 0.00246245
0.354599 0.315767 0.291739 0.0301273 -0.00116435 0.0946597 0.361229 0.318199 0.290213 0.034585 -0.00273699 0.0997489
0.401625 0.309095 0.361183 0.0439245 -0.00530158 0.00540791 0.405527 0.302675 0.356247 0.0477919 0.00459417 0.00241889
0.278214 0.311676 0.276535 -0.00911656 -0.0121178 0.0442253 0.278444 0.31904 0.278244 -0.0103007 -0.0117839 0.0437361
0.416269 0.445612 0.475016 -0.00773424 0.0367266 0.00621265 0.414814 0.449617 0.47576 -0.00782255 0.0377625 0.00589241
0.372121 0.379829 0.391912 -0.0123677 0.0099814 0.00531133 0.369221 0.380902 0.3928 -0.0129003 0.00920042 0.004695
0.378383 0.309944 0.375881 0.0179132 -0.0278033 -0.00419838 0.379771 0.303158 0.377953 0.0173356 -0.0268332 -0.00597046
0.377498 0.365144 0.40058 -0.00839427 -0.0175343 -0.0135928 0.376526 0.362924 0.405249 -0.00847185 -0.0193739 -0.0109562
0.374899 0.35511 0.295674 -0.0248081 0.0347922 -0.00927275 0.376161 0.356747 0.299583 -0.0272016 0.0363648 -0.0105499
0.365609 0.375737 0.351712 0.00337277 0.0359247 0.00446422 0.363622 0.377692 0.355388 0.00373833 0.0402704 0.00631968
0.464061 0.391648 0.401833 0.0146745 0.00360377 0.0171879 0.468183 0.388329 0.405356 0.0161826 0.0019138 0.0154543
0.403788 0.393621 0.446358 0.0298138 -0.0424197 -0.0239581 0.405187 0.392781 0.44651 0.0289139 -0.042031 -0.0253415
0.383911 0.38457 0.432505 -0.00950529 -0.0127471 0.0184898 0.384632 0.385419 0.436252 -0.0120453 -0.0121991 0.0189855
0.380749 0.383093 0.34253 -0.00907235 -0.00518975 0.0296111 0.376805 0.384421 0.343474 -0.00936653 -0.00710741 0.0305617
0.361118 0.422924 0.32835 0.0208835 -0.0195266 0.00572128 0.358091 0.428505 0.328543 0.0216064 -0.0196945 0.00611236
0.396265 0.393064 0.388544 -0.00374819 -0.0103178 -0.015175 0.397318 0.391838 0.391939 -0.00343838 -0.00884065 -0.0150602
0.322362 0.372002 0.368384 -0.00734648 0.0248186 -0.014324 0.317444 0.373984 0.368659 -0.00686032 0.0261289 -0.0160186
0.404224 0.413 0.366791 0.0159607 0.0005432 0.0147974 0.406346 0.416977 0.368418 0.0173486 0.000695833 0.0143351
0.388972 0.38138 0.391108 0.00611112 -0.0120406 0.0053877 0.390751 0.380263 0.394028 0.00475287 -0.0142745 0.00595917
0.391646 0.363444 0.402821 -0.00352649 0.0229113 -0.0198495 0.391516 0.360059 0.405723 -0.00328843 0.0235483 -0.0216099
0.393167 0.417403 0.372358 0.0118926 -0.00227428 0.0392364 0.392962 0.420165 0.374534 0.0131622 0.000355 0.040675
0.397222 0.312914 0.41287 -0.0143922 -0.00135844 0.0116735 0.399994 0.30855 0.414643 -0.0155559 -0.00233824 0.0112463
0.401866 0.345532 0.341431 0.01313 -0.00829331 0.0249814 0.401432 0.347305 0.34427 0.0151601 -0.0103875 0.0243523
0.35443 0.406115 0.366134 -0.0236693 0.0224246 0.00567682 0.35046 0.408859 0.367771 -0.0257477 0.0227522 0.00912644
0.355775 0.343883 0.372397 0.00276939 -0.0174292 -0.012499 0.354793 0.34109 0.372843 0.000414259 -0.0160173 -0.014287
0.379784 0.374625 0.376479 0.0225963 -0.002348 -0.0311039 0.381915 0.372128 0.377091 0.0238879 -0.00249241 -0.0313788
0.412742 0.412621 0.395958 0.0183706 -0.00109436 0.00161097 0.413612 0.412048 0.396676 0.0220746 -0.000115093 0.0035563
0.398984 0.394651 0.392559 0.00707381 -0.00131687 0.00171874 0.399298 0.391764 0.391353 0.00663963 -0.000366065 0.00196718
0.389003 0.371648 0.438804 -0.00166118 0.00519434 -0.0092071 0.388614 0.368464 0.44027 -0.00219912 0.0065869 -0.00933352
0.393028 0.377298 0.343774 0.00352201 -0.00884938 -0.0243538 0.393876 0.374685 0.345144 0.00245356 -0.00972657 -0.0268468
0.39124 0.384172 0.427551 0.00384384 -0.0018683 0.0132529 0.39105 0.383221 0.427907 0.00344069 -0.00244736 0.013461
0.391643 0.39174 0.405866 -0.00406834 0.0104561 0.00194621 0.390254 0.39162 0.406137 -0.00326259 0.0109917 0.00240949
0.383643 0.372189 0.397869 0.00788245 -0.0163568 -0.006602 0.383192 0.369844 0.396995 0.00795352 -0.0164419 -0.00733375
0.347578 0.346692 0.347482 -0.0233041 0.0246092 -0.00568459 0.347388 0.347823 0.349819 -0.0239835 0.0244028 -0.00524847
0.380154 0.413972 0.404792 -0.000984132 -0.00325472 -0.0168422 0.379102 0.413826 0.405677 -0.00234037 -0.00281819 -0.0168164
0.353172 0.395872 0.404499 -0.0152451 -0.00297182 0.0144095 0.348213 0.395908 0.405117 -0.0158162 -0.00380204 0.0152006
0.381174 0.385494 0.389986 -0.0166013 -0.0103984 0.0185201 0.379037 0.38657 0.389748 -0.0184646 -0.0101435 0.0202655
0.402913 0.382913 0.378682 -0.00107144 0.00899277 -0.0184417 0.404855 0.379535 0.379099 -0.000232731 0.00989366 -0.0192631
0.411852 0.410047 0.406532 0.00885588 -0.0198506 0.0259839 0.411178 0.40826 0.407752 0.00935171 -0.0205452 0.0274261
0.424934 0.401434 0.39103 0.000505836 0.000979161 0.0103579 0.42716 0.402281 0.392059 0.00124676 0.000577083 0.0113597
0.370028 0.385109 0.393205 0.00923582 -0.0041276 0.00451914 0.367657 0.38389 0.393671 0.00888319 -0.00366898 0.00637833
0.393332 0.413657 0.431226 0.008741 0.0196745 0.0102309 0.390015 0.413504 0.434054 0.0107418 0.0214043 0.0112866
0.388704 0.401642 0.382614 -0.00231577 0.00509419 -0.0245293 0.390671 0.400787 0.383784 -0.00251759 0.00576634 -0.0246418
0.444985 0.404118 0.445606 0.00857079 -0.0281245 0.0077913 0.445126 0.401889 0.447494 0.00935894 -0.029057 0.0072525
0.363396 0.292622 0.364906 0.0639478 -0.022729 0.0532516 0.367827 0.292084 0.372888 0.0674086 -0.0237186 0.0498995
0.366279 0.426379 0.374707 0.00412654 0.0244929 0.0965004 0.361222 0.433678 0.375635 0.00812829 0.0232341 0.0978387
0.515666 0.402063 0.445546 -0.0202867 0.0415298 0.0139231 0.5178 0.400088 0.44286 -0.0157173 0.0399077 0.0167218
0.449046 0.358937 0.436199 0.0516945 -0.00791962 0.0746538 0.450921 0.357373 0.431851 0.0523595 -0.00484394 0.0779138
0.502496 0.45899 0.519104 0.019347 -0.0188832 0.0611752 0.501038 0.455004 0.511518 0.0196636 -0.0207648 0.0664547
0.392838 0.333191 0.284401 -0.0229188 0.131351 -0.00573263 0.393435 0.323883 0.283175 -0.0207775 0.13671 -0.0129156
0.384995 0.327378 0.402327 0.0026126 0.0104185 -0.00198603 0.374853 0.321305 0.397195 0.0026063 0.0122519 -0.00452181
0.413287 0.43044 0.386309 -0.0386631 -0.0245897 0.0693543 0.408542 0.423222 0.378429 -0.0446158 -0.0336766 0.0743546
0.425707 0.41471 0.357908 0.0436908 0.0502501 -0.0105615 0.422547 0.417136 0.361179 0.0454817 0.0531326 -0.0170977
0.378977 0.45117 0.254195 9.81726e-05 0.00309276 0.00243194 0.383923 0.458894 0.246126 0.00168556 0.00437366 -0.00066287
0.322448 0.24515 0.229192 0.0214882 -0.0576064 0.0154548 0.326757 0.244382 0.231397 0.0246688 -0.0584758 0.0117018
0.359952 0.408701 0.361372 -0.0562388 -0.01935 0.00634867 0.360394 0.412302 0.366782 -0.0590363 -0.024916 0.00389236
0.321322 0.327075 0.380459 -0.00988497 -0.00818514 0.0179094 0.315145 0.325565 0.383056 -0.0142388 -0.00999259 0.022235
0.371514 0.348682 0.41327 0.016927 -0.0178439 -0.0325361 0.365182 0.34244 0.418414 0.0118169 -0.016004 -0.0362157
0.30612 0.417803 0.175416 0.0140532 -0.0481154 -0.0283009 0.301529 0.422473 0.173366 0.0108951 -0.0505697 -0.0278253
0.277088 0.216551 0.202705 -0.066704 0.00530598 0.0363117 0.28777 0.227357 0.212359 -0.0708682 0.00199171 0.0335985
0.419302 0.405713 0.408422 0.00130836 0.00228797 -0.00264068 0.420206 0.404523 0.406965 0.00210394 0.0017056 -0.00343694
0.414416 0.433515 0.433458 -0.0110094 0.00272679 0.00380343 0.412433 0.432559 0.432094 -0.0118939 0.00271898 0.00484477
0.423705 0.452067 0.470306 -0.00207304 -0.0055502 -0.00280229 0.421826 0.454067 0.468318 -0.00326153 -0.00671093 -0.00280148
0.40062 0.444595 0.416913 -0.0164074 0.00803594 -0.0159107 0.399327 0.446177 0.415469 -0.0168634 0.00717028 -0.0145883
0.396246 0.413748 0.383055 -0.000150442 -0.0143856 -0.00489686 0.39456 0.413556 0.38207 -0.00119375 -0.014846 -0.00485759
0.43217 0.433204 0.427065 -0.0121729 0.00590092 -0.0129559 0.433085 0.430465 0.426306 -0.0134342 0.00549421 -0.0131305
0.428483 0.431099 0.391757 -0.00613061 -0.0131216 -0.00606683 0.428527 0.430557 0.390683 -0.00643241 -0.0138 -0.00592903
0.395947 0.395194 0.395814 0.00523879 -0.0259255 0.0049863 0.395194 0.393789 0.395926 0.0042525 -0.0269273 0.00484329
0.426343 0.42037 0.402981 -0.00626689 0.0155977 0.0328554 0.424034 0.421493 0.402069 -0.00544458 0.0144211 0.0337984
0.417915 0.39764 0.368533 0.0152781 -0.020834 0.00917442 0.416352 0.398741 0.367057 0.0157334 -0.0213347 0.00810718
0.412107 0.406061 0.387978 0.0119335 -0.00451037 -0.0209891 0.412435 0.405856 0.387934 0.0129783 -0.00407917 -0.0228854
0.391391 0.379939 0.398878 0.0045718 -0.000437944 -0.00133927 0.389728 0.378083 0.398975 0.00428495 -0.000125648 -0.00194477
0.428097 0.411022 0.412112 -0.0113783 0.0279887 0.00170867 0.426875 0.409512 0.411036 -0.0113284 0.029221 0.000775833
0.406934 0.385665 0.39966 0.00729433 -0.00206308 4.98015e-05 0.405697 0.383881 0.398301 0.00780028 -0.00188472 -0.000349537
0.433798 0.434929 0.424432 -0.00194803 -0.00182007 0.00149976 0.434206 0.435059 0.42173 -0.00235356 -0.00211759 0.00188708
0.413236 0.406613 0.392732 -0.0103304 0.00930868 0.00677871 0.413477 0.406777 0.39211 -0.0105925 0.00712505 0.00709963
0.394098 0.409547 0.36296 -0.00940483 0.0135605 -0.0074758 0.393589 0.409955 0.360447 -0.0105313 0.0142012 -0.00744875
0.423578 0.42765 0.401393 0.00544991 -0.00381281 0.0108725 0.422473 0.429746 0.400904 0.00631139 -0.00291023 0.0118806
0.370132 0.381859 0.343002 -0.0117604 0.00424382 0.0103935 0.36863 0.383605 0.341869 -0.0130349 0.00255435 0.0103944
0.415192 0.396967 0.38503 -0.0058327 -0.0251975 0.0207009 0.41407 0.397789 0.384403 -0.00826685 -0.0258244 0.0214282
